17-Oct-2024 06:43:52.598 INFO [main] org.apache.catalina.startup.VersionLoggerListener.log Server version name:   Apache Tomcat/10.1.28
17-Oct-2024 06:43:52.604 INFO [main] org.apache.catalina.startup.VersionLoggerListener.log Server built:          Aug 2 2024 15:14:43 UTC
17-Oct-2024 06:43:52.605 INFO [main] org.apache.catalina.startup.VersionLoggerListener.log Server version number: 10.1.28.0
17-Oct-2024 06:43:52.605 INFO [main] org.apache.catalina.startup.VersionLoggerListener.log OS Name:               Windows 11
17-Oct-2024 06:43:52.605 INFO [main] org.apache.catalina.startup.VersionLoggerListener.log OS Version:            10.0
17-Oct-2024 06:43:52.605 INFO [main] org.apache.catalina.startup.VersionLoggerListener.log Architecture:          amd64
17-Oct-2024 06:43:52.606 INFO [main] org.apache.catalina.startup.VersionLoggerListener.log Java Home:             C:\Program Files\Java\jdk-17
17-Oct-2024 06:43:52.606 INFO [main] org.apache.catalina.startup.VersionLoggerListener.log JVM Version:           17.0.7+8-LTS-224
17-Oct-2024 06:43:52.606 INFO [main] org.apache.catalina.startup.VersionLoggerListener.log JVM Vendor:            Oracle Corporation
17-Oct-2024 06:43:52.606 INFO [main] org.apache.catalina.startup.VersionLoggerListener.log CATALINA_BASE:         D:\webnetbeansbinh\apache-tomcat-10.1.28
17-Oct-2024 06:43:52.606 INFO [main] org.apache.catalina.startup.VersionLoggerListener.log CATALINA_HOME:         D:\webnetbeansbinh\apache-tomcat-10.1.28
17-Oct-2024 06:43:52.625 INFO [main] org.apache.catalina.startup.VersionLoggerListener.log Command line argument: -Djava.util.logging.config.file=D:\webnetbeansbinh\apache-tomcat-10.1.28\conf\logging.properties
17-Oct-2024 06:43:52.625 INFO [main] org.apache.catalina.startup.VersionLoggerListener.log Command line argument: -Djava.util.logging.manager=org.apache.juli.ClassLoaderLogManager
17-Oct-2024 06:43:52.625 INFO [main] org.apache.catalina.startup.VersionLoggerListener.log Command line argument: -Dhttp.nonProxyHosts=localhost|127.0.0.1|LAPTOP-TF242TDG
17-Oct-2024 06:43:52.625 INFO [main] org.apache.catalina.startup.VersionLoggerListener.log Command line argument: -Djdk.tls.ephemeralDHKeySize=2048
17-Oct-2024 06:43:52.625 INFO [main] org.apache.catalina.startup.VersionLoggerListener.log Command line argument: -Djava.protocol.handler.pkgs=org.apache.catalina.webresources
17-Oct-2024 06:43:52.625 INFO [main] org.apache.catalina.startup.VersionLoggerListener.log Command line argument: --add-opens=java.base/java.lang=ALL-UNNAMED
17-Oct-2024 06:43:52.625 INFO [main] org.apache.catalina.startup.VersionLoggerListener.log Command line argument: --add-opens=java.base/java.io=ALL-UNNAMED
17-Oct-2024 06:43:52.626 INFO [main] org.apache.catalina.startup.VersionLoggerListener.log Command line argument: --add-opens=java.base/java.util=ALL-UNNAMED
17-Oct-2024 06:43:52.626 INFO [main] org.apache.catalina.startup.VersionLoggerListener.log Command line argument: --add-opens=java.base/java.util.concurrent=ALL-UNNAMED
17-Oct-2024 06:43:52.626 INFO [main] org.apache.catalina.startup.VersionLoggerListener.log Command line argument: --add-opens=java.rmi/sun.rmi.transport=ALL-UNNAMED
17-Oct-2024 06:43:52.627 INFO [main] org.apache.catalina.startup.VersionLoggerListener.log Command line argument: -Dcatalina.base=D:\webnetbeansbinh\apache-tomcat-10.1.28
17-Oct-2024 06:43:52.627 INFO [main] org.apache.catalina.startup.VersionLoggerListener.log Command line argument: -Dcatalina.home=D:\webnetbeansbinh\apache-tomcat-10.1.28
17-Oct-2024 06:43:52.627 INFO [main] org.apache.catalina.startup.VersionLoggerListener.log Command line argument: -Djava.io.tmpdir=D:\webnetbeansbinh\apache-tomcat-10.1.28\temp
17-Oct-2024 06:43:52.804 INFO [main] org.apache.catalina.core.AprLifecycleListener.lifecycleEvent Loaded Apache Tomcat Native library [2.0.8] using APR version [1.7.4].
17-Oct-2024 06:43:52.811 INFO [main] org.apache.catalina.core.AprLifecycleListener.initializeSSL OpenSSL successfully initialized [OpenSSL 3.0.14 4 Jun 2024]
17-Oct-2024 06:43:53.126 INFO [main] org.apache.coyote.AbstractProtocol.init Initializing ProtocolHandler ["http-nio-8080"]
17-Oct-2024 06:43:53.178 INFO [main] org.apache.catalina.startup.Catalina.load Server initialization in [838] milliseconds
17-Oct-2024 06:43:53.292 INFO [main] org.apache.catalina.core.StandardService.startInternal Starting service [Catalina]
17-Oct-2024 06:43:53.293 INFO [main] org.apache.catalina.core.StandardEngine.startInternal Starting Servlet engine: [Apache Tomcat/10.1.28]
17-Oct-2024 06:43:53.313 INFO [main] org.apache.catalina.startup.HostConfig.deployDescriptor Deploying deployment descriptor [D:\webnetbeansbinh\apache-tomcat-10.1.28\conf\Catalina\localhost\Cara.xml]
17-Oct-2024 06:43:53.338 WARNING [main] org.apache.catalina.startup.HostConfig.deployDescriptor The path attribute with value [/Cara] in deployment descriptor [D:\webnetbeansbinh\apache-tomcat-10.1.28\conf\Catalina\localhost\Cara.xml] has been ignored
17-Oct-2024 06:43:53.758 INFO [main] org.apache.jasper.servlet.TldScanner.scanJars At least one JAR was scanned for TLDs yet contained no TLDs. Enable debug logging for this logger for a complete list of JARs that were scanned but no TLDs were found in them. Skipping unneeded JARs during scanning can improve startup time and JSP compilation time.
17-Oct-2024 06:43:53.908 INFO [main] org.apache.catalina.startup.HostConfig.deployDescriptor Deployment of deployment descriptor [D:\webnetbeansbinh\apache-tomcat-10.1.28\conf\Catalina\localhost\Cara.xml] has finished in [594] ms
17-Oct-2024 06:43:53.908 INFO [main] org.apache.catalina.startup.HostConfig.deployDirectory Deploying web application directory [D:\webnetbeansbinh\apache-tomcat-10.1.28\webapps\docs]
17-Oct-2024 06:43:53.967 INFO [main] org.apache.jasper.servlet.TldScanner.scanJars At least one JAR was scanned for TLDs yet contained no TLDs. Enable debug logging for this logger for a complete list of JARs that were scanned but no TLDs were found in them. Skipping unneeded JARs during scanning can improve startup time and JSP compilation time.
17-Oct-2024 06:43:53.970 INFO [main] org.apache.catalina.startup.HostConfig.deployDirectory Deployment of web application directory [D:\webnetbeansbinh\apache-tomcat-10.1.28\webapps\docs] has finished in [61] ms
17-Oct-2024 06:43:53.971 INFO [main] org.apache.catalina.startup.HostConfig.deployDirectory Deploying web application directory [D:\webnetbeansbinh\apache-tomcat-10.1.28\webapps\examples]
17-Oct-2024 06:43:54.776 INFO [main] org.apache.jasper.servlet.TldScanner.scanJars At least one JAR was scanned for TLDs yet contained no TLDs. Enable debug logging for this logger for a complete list of JARs that were scanned but no TLDs were found in them. Skipping unneeded JARs during scanning can improve startup time and JSP compilation time.
17-Oct-2024 06:43:54.836 INFO [main] org.apache.catalina.startup.HostConfig.deployDirectory Deployment of web application directory [D:\webnetbeansbinh\apache-tomcat-10.1.28\webapps\examples] has finished in [864] ms
17-Oct-2024 06:43:54.837 INFO [main] org.apache.catalina.startup.HostConfig.deployDirectory Deploying web application directory [D:\webnetbeansbinh\apache-tomcat-10.1.28\webapps\host-manager]
17-Oct-2024 06:43:54.900 INFO [main] org.apache.jasper.servlet.TldScanner.scanJars At least one JAR was scanned for TLDs yet contained no TLDs. Enable debug logging for this logger for a complete list of JARs that were scanned but no TLDs were found in them. Skipping unneeded JARs during scanning can improve startup time and JSP compilation time.
17-Oct-2024 06:43:54.911 INFO [main] org.apache.catalina.startup.HostConfig.deployDirectory Deployment of web application directory [D:\webnetbeansbinh\apache-tomcat-10.1.28\webapps\host-manager] has finished in [74] ms
17-Oct-2024 06:43:54.911 INFO [main] org.apache.catalina.startup.HostConfig.deployDirectory Deploying web application directory [D:\webnetbeansbinh\apache-tomcat-10.1.28\webapps\manager]
17-Oct-2024 06:43:54.964 INFO [main] org.apache.jasper.servlet.TldScanner.scanJars At least one JAR was scanned for TLDs yet contained no TLDs. Enable debug logging for this logger for a complete list of JARs that were scanned but no TLDs were found in them. Skipping unneeded JARs during scanning can improve startup time and JSP compilation time.
17-Oct-2024 06:43:54.966 INFO [main] org.apache.catalina.startup.HostConfig.deployDirectory Deployment of web application directory [D:\webnetbeansbinh\apache-tomcat-10.1.28\webapps\manager] has finished in [55] ms
17-Oct-2024 06:43:54.967 INFO [main] org.apache.catalina.startup.HostConfig.deployDirectory Deploying web application directory [D:\webnetbeansbinh\apache-tomcat-10.1.28\webapps\ROOT]
17-Oct-2024 06:43:55.013 INFO [main] org.apache.jasper.servlet.TldScanner.scanJars At least one JAR was scanned for TLDs yet contained no TLDs. Enable debug logging for this logger for a complete list of JARs that were scanned but no TLDs were found in them. Skipping unneeded JARs during scanning can improve startup time and JSP compilation time.
17-Oct-2024 06:43:55.017 INFO [main] org.apache.catalina.startup.HostConfig.deployDirectory Deployment of web application directory [D:\webnetbeansbinh\apache-tomcat-10.1.28\webapps\ROOT] has finished in [50] ms
17-Oct-2024 06:43:55.022 INFO [main] org.apache.coyote.AbstractProtocol.start Starting ProtocolHandler ["http-nio-8080"]
17-Oct-2024 06:43:55.141 INFO [main] org.apache.catalina.startup.Catalina.start Server startup in [1963] milliseconds
17-Oct-2024 06:43:59.428 INFO [http-nio-8080-exec-8] org.apache.catalina.startup.HostConfig.undeploy Undeploying context [/Cara]
17-Oct-2024 06:43:59.487 INFO [http-nio-8080-exec-1] org.apache.catalina.startup.HostConfig.deployDescriptor Deploying deployment descriptor [D:\webnetbeansbinh\apache-tomcat-10.1.28\conf\Catalina\localhost\Cara.xml]
17-Oct-2024 06:43:59.490 WARNING [http-nio-8080-exec-1] org.apache.catalina.startup.HostConfig.deployDescriptor The path attribute with value [/Cara] in deployment descriptor [D:\webnetbeansbinh\apache-tomcat-10.1.28\conf\Catalina\localhost\Cara.xml] has been ignored
17-Oct-2024 06:44:00.503 INFO [http-nio-8080-exec-1] org.apache.jasper.servlet.TldScanner.scanJars At least one JAR was scanned for TLDs yet contained no TLDs. Enable debug logging for this logger for a complete list of JARs that were scanned but no TLDs were found in them. Skipping unneeded JARs during scanning can improve startup time and JSP compilation time.
17-Oct-2024 06:44:00.521 INFO [http-nio-8080-exec-1] org.apache.catalina.startup.HostConfig.deployDescriptor Deployment of deployment descriptor [D:\webnetbeansbinh\apache-tomcat-10.1.28\conf\Catalina\localhost\Cara.xml] has finished in [1,032] ms
17-Oct-2024 06:44:00.532 INFO [http-nio-8080-exec-7] org.apache.catalina.util.LifecycleBase.start The start() method was called on component [StandardEngine[Catalina].StandardHost[localhost].StandardContext[/Cara]] after start() had already been called. The second call will be ignored.
17-Oct-2024 07:23:56.533 INFO [http-nio-8080-exec-17] org.apache.catalina.startup.HostConfig.undeploy Undeploying context [/Cara]
17-Oct-2024 07:23:56.559 INFO [http-nio-8080-exec-12] org.apache.catalina.startup.HostConfig.deployDescriptor Deploying deployment descriptor [D:\webnetbeansbinh\apache-tomcat-10.1.28\conf\Catalina\localhost\Cara.xml]
17-Oct-2024 07:23:56.562 WARNING [http-nio-8080-exec-12] org.apache.catalina.startup.HostConfig.deployDescriptor The path attribute with value [/Cara] in deployment descriptor [D:\webnetbeansbinh\apache-tomcat-10.1.28\conf\Catalina\localhost\Cara.xml] has been ignored
17-Oct-2024 07:23:57.173 INFO [http-nio-8080-exec-12] org.apache.jasper.servlet.TldScanner.scanJars At least one JAR was scanned for TLDs yet contained no TLDs. Enable debug logging for this logger for a complete list of JARs that were scanned but no TLDs were found in them. Skipping unneeded JARs during scanning can improve startup time and JSP compilation time.
17-Oct-2024 07:23:57.187 INFO [http-nio-8080-exec-12] org.apache.catalina.startup.HostConfig.deployDescriptor Deployment of deployment descriptor [D:\webnetbeansbinh\apache-tomcat-10.1.28\conf\Catalina\localhost\Cara.xml] has finished in [627] ms
17-Oct-2024 07:23:57.191 INFO [http-nio-8080-exec-19] org.apache.catalina.util.LifecycleBase.start The start() method was called on component [StandardEngine[Catalina].StandardHost[localhost].StandardContext[/Cara]] after start() had already been called. The second call will be ignored.
17-Oct-2024 07:24:24.261 INFO [http-nio-8080-exec-21] org.apache.catalina.startup.HostConfig.undeploy Undeploying context [/Cara]
17-Oct-2024 07:24:24.278 INFO [http-nio-8080-exec-19] org.apache.catalina.startup.HostConfig.deployDescriptor Deploying deployment descriptor [D:\webnetbeansbinh\apache-tomcat-10.1.28\conf\Catalina\localhost\Cara.xml]
17-Oct-2024 07:24:24.280 WARNING [http-nio-8080-exec-19] org.apache.catalina.startup.HostConfig.deployDescriptor The path attribute with value [/Cara] in deployment descriptor [D:\webnetbeansbinh\apache-tomcat-10.1.28\conf\Catalina\localhost\Cara.xml] has been ignored
17-Oct-2024 07:24:24.884 INFO [http-nio-8080-exec-19] org.apache.jasper.servlet.TldScanner.scanJars At least one JAR was scanned for TLDs yet contained no TLDs. Enable debug logging for this logger for a complete list of JARs that were scanned but no TLDs were found in them. Skipping unneeded JARs during scanning can improve startup time and JSP compilation time.
17-Oct-2024 07:24:24.894 INFO [http-nio-8080-exec-19] org.apache.catalina.startup.HostConfig.deployDescriptor Deployment of deployment descriptor [D:\webnetbeansbinh\apache-tomcat-10.1.28\conf\Catalina\localhost\Cara.xml] has finished in [616] ms
17-Oct-2024 07:24:24.898 INFO [http-nio-8080-exec-20] org.apache.catalina.util.LifecycleBase.start The start() method was called on component [StandardEngine[Catalina].StandardHost[localhost].StandardContext[/Cara]] after start() had already been called. The second call will be ignored.
17-Oct-2024 07:24:44.365 INFO [http-nio-8080-exec-23] org.apache.catalina.startup.HostConfig.undeploy Undeploying context [/Cara]
17-Oct-2024 07:24:44.400 INFO [http-nio-8080-exec-12] org.apache.catalina.startup.HostConfig.deployDescriptor Deploying deployment descriptor [D:\webnetbeansbinh\apache-tomcat-10.1.28\conf\Catalina\localhost\Cara.xml]
17-Oct-2024 07:24:44.401 WARNING [http-nio-8080-exec-12] org.apache.catalina.startup.HostConfig.deployDescriptor The path attribute with value [/Cara] in deployment descriptor [D:\webnetbeansbinh\apache-tomcat-10.1.28\conf\Catalina\localhost\Cara.xml] has been ignored
17-Oct-2024 07:24:44.927 INFO [http-nio-8080-exec-12] org.apache.jasper.servlet.TldScanner.scanJars At least one JAR was scanned for TLDs yet contained no TLDs. Enable debug logging for this logger for a complete list of JARs that were scanned but no TLDs were found in them. Skipping unneeded JARs during scanning can improve startup time and JSP compilation time.
17-Oct-2024 07:24:44.937 INFO [http-nio-8080-exec-12] org.apache.catalina.startup.HostConfig.deployDescriptor Deployment of deployment descriptor [D:\webnetbeansbinh\apache-tomcat-10.1.28\conf\Catalina\localhost\Cara.xml] has finished in [536] ms
17-Oct-2024 07:24:44.942 INFO [http-nio-8080-exec-11] org.apache.catalina.util.LifecycleBase.start The start() method was called on component [StandardEngine[Catalina].StandardHost[localhost].StandardContext[/Cara]] after start() had already been called. The second call will be ignored.
17-Oct-2024 07:28:27.909 INFO [http-nio-8080-exec-13] org.apache.catalina.startup.HostConfig.undeploy Undeploying context [/Cara]
17-Oct-2024 07:28:27.934 INFO [http-nio-8080-exec-28] org.apache.catalina.startup.HostConfig.deployDescriptor Deploying deployment descriptor [D:\webnetbeansbinh\apache-tomcat-10.1.28\conf\Catalina\localhost\Cara.xml]
17-Oct-2024 07:28:27.936 WARNING [http-nio-8080-exec-28] org.apache.catalina.startup.HostConfig.deployDescriptor The path attribute with value [/Cara] in deployment descriptor [D:\webnetbeansbinh\apache-tomcat-10.1.28\conf\Catalina\localhost\Cara.xml] has been ignored
17-Oct-2024 07:28:28.632 INFO [http-nio-8080-exec-28] org.apache.jasper.servlet.TldScanner.scanJars At least one JAR was scanned for TLDs yet contained no TLDs. Enable debug logging for this logger for a complete list of JARs that were scanned but no TLDs were found in them. Skipping unneeded JARs during scanning can improve startup time and JSP compilation time.
17-Oct-2024 07:28:28.644 INFO [http-nio-8080-exec-28] org.apache.catalina.startup.HostConfig.deployDescriptor Deployment of deployment descriptor [D:\webnetbeansbinh\apache-tomcat-10.1.28\conf\Catalina\localhost\Cara.xml] has finished in [710] ms
17-Oct-2024 07:28:28.650 INFO [http-nio-8080-exec-26] org.apache.catalina.util.LifecycleBase.start The start() method was called on component [StandardEngine[Catalina].StandardHost[localhost].StandardContext[/Cara]] after start() had already been called. The second call will be ignored.
17-Oct-2024 07:28:41.443 INFO [http-nio-8080-exec-13] org.apache.catalina.startup.HostConfig.undeploy Undeploying context [/Cara]
17-Oct-2024 07:28:41.461 INFO [http-nio-8080-exec-33] org.apache.catalina.startup.HostConfig.deployDescriptor Deploying deployment descriptor [D:\webnetbeansbinh\apache-tomcat-10.1.28\conf\Catalina\localhost\Cara.xml]
17-Oct-2024 07:28:41.463 WARNING [http-nio-8080-exec-33] org.apache.catalina.startup.HostConfig.deployDescriptor The path attribute with value [/Cara] in deployment descriptor [D:\webnetbeansbinh\apache-tomcat-10.1.28\conf\Catalina\localhost\Cara.xml] has been ignored
17-Oct-2024 07:28:41.998 INFO [http-nio-8080-exec-33] org.apache.jasper.servlet.TldScanner.scanJars At least one JAR was scanned for TLDs yet contained no TLDs. Enable debug logging for this logger for a complete list of JARs that were scanned but no TLDs were found in them. Skipping unneeded JARs during scanning can improve startup time and JSP compilation time.
17-Oct-2024 07:28:42.008 INFO [http-nio-8080-exec-33] org.apache.catalina.startup.HostConfig.deployDescriptor Deployment of deployment descriptor [D:\webnetbeansbinh\apache-tomcat-10.1.28\conf\Catalina\localhost\Cara.xml] has finished in [547] ms
17-Oct-2024 07:28:42.014 INFO [http-nio-8080-exec-26] org.apache.catalina.util.LifecycleBase.start The start() method was called on component [StandardEngine[Catalina].StandardHost[localhost].StandardContext[/Cara]] after start() had already been called. The second call will be ignored.
17-Oct-2024 07:31:20.283 INFO [http-nio-8080-exec-37] org.apache.jasper.servlet.TldScanner.scanJars At least one JAR was scanned for TLDs yet contained no TLDs. Enable debug logging for this logger for a complete list of JARs that were scanned but no TLDs were found in them. Skipping unneeded JARs during scanning can improve startup time and JSP compilation time.
17-Oct-2024 07:31:23.307 INFO [Catalina-utility-1] org.apache.catalina.startup.HostConfig.reload Reloading context [/Cara]
17-Oct-2024 07:31:23.307 INFO [Catalina-utility-1] org.apache.catalina.core.StandardContext.reload Reloading Context with name [/Cara] has started
17-Oct-2024 07:31:23.835 INFO [Catalina-utility-1] org.apache.jasper.servlet.TldScanner.scanJars At least one JAR was scanned for TLDs yet contained no TLDs. Enable debug logging for this logger for a complete list of JARs that were scanned but no TLDs were found in them. Skipping unneeded JARs during scanning can improve startup time and JSP compilation time.
17-Oct-2024 07:31:23.846 INFO [Catalina-utility-1] org.apache.catalina.core.StandardContext.reload Reloading Context with name [/Cara] is completed
17-Oct-2024 07:31:26.364 INFO [http-nio-8080-exec-40] org.apache.catalina.startup.HostConfig.undeploy Undeploying context [/Cara]
17-Oct-2024 07:31:26.381 INFO [http-nio-8080-exec-35] org.apache.catalina.startup.HostConfig.deployDescriptor Deploying deployment descriptor [D:\webnetbeansbinh\apache-tomcat-10.1.28\conf\Catalina\localhost\Cara.xml]
17-Oct-2024 07:31:26.383 WARNING [http-nio-8080-exec-35] org.apache.catalina.startup.HostConfig.deployDescriptor The path attribute with value [/Cara] in deployment descriptor [D:\webnetbeansbinh\apache-tomcat-10.1.28\conf\Catalina\localhost\Cara.xml] has been ignored
17-Oct-2024 07:31:26.937 INFO [http-nio-8080-exec-35] org.apache.jasper.servlet.TldScanner.scanJars At least one JAR was scanned for TLDs yet contained no TLDs. Enable debug logging for this logger for a complete list of JARs that were scanned but no TLDs were found in them. Skipping unneeded JARs during scanning can improve startup time and JSP compilation time.
17-Oct-2024 07:31:26.946 INFO [http-nio-8080-exec-35] org.apache.catalina.startup.HostConfig.deployDescriptor Deployment of deployment descriptor [D:\webnetbeansbinh\apache-tomcat-10.1.28\conf\Catalina\localhost\Cara.xml] has finished in [564] ms
17-Oct-2024 07:31:26.949 INFO [http-nio-8080-exec-34] org.apache.catalina.util.LifecycleBase.start The start() method was called on component [StandardEngine[Catalina].StandardHost[localhost].StandardContext[/Cara]] after start() had already been called. The second call will be ignored.
17-Oct-2024 07:32:13.996 INFO [http-nio-8080-exec-42] org.apache.catalina.startup.HostConfig.undeploy Undeploying context [/Cara]
17-Oct-2024 07:32:14.012 INFO [http-nio-8080-exec-34] org.apache.catalina.startup.HostConfig.deployDescriptor Deploying deployment descriptor [D:\webnetbeansbinh\apache-tomcat-10.1.28\conf\Catalina\localhost\Cara.xml]
17-Oct-2024 07:32:14.015 WARNING [http-nio-8080-exec-34] org.apache.catalina.startup.HostConfig.deployDescriptor The path attribute with value [/Cara] in deployment descriptor [D:\webnetbeansbinh\apache-tomcat-10.1.28\conf\Catalina\localhost\Cara.xml] has been ignored
17-Oct-2024 07:32:14.545 INFO [http-nio-8080-exec-34] org.apache.jasper.servlet.TldScanner.scanJars At least one JAR was scanned for TLDs yet contained no TLDs. Enable debug logging for this logger for a complete list of JARs that were scanned but no TLDs were found in them. Skipping unneeded JARs during scanning can improve startup time and JSP compilation time.
17-Oct-2024 07:32:14.554 INFO [http-nio-8080-exec-34] org.apache.catalina.startup.HostConfig.deployDescriptor Deployment of deployment descriptor [D:\webnetbeansbinh\apache-tomcat-10.1.28\conf\Catalina\localhost\Cara.xml] has finished in [542] ms
17-Oct-2024 07:32:14.557 INFO [http-nio-8080-exec-43] org.apache.catalina.util.LifecycleBase.start The start() method was called on component [StandardEngine[Catalina].StandardHost[localhost].StandardContext[/Cara]] after start() had already been called. The second call will be ignored.
17-Oct-2024 07:35:01.507 INFO [http-nio-8080-exec-49] org.apache.catalina.startup.HostConfig.undeploy Undeploying context [/Cara]
17-Oct-2024 07:35:01.522 INFO [http-nio-8080-exec-40] org.apache.catalina.startup.HostConfig.deployDescriptor Deploying deployment descriptor [D:\webnetbeansbinh\apache-tomcat-10.1.28\conf\Catalina\localhost\Cara.xml]
17-Oct-2024 07:35:01.524 WARNING [http-nio-8080-exec-40] org.apache.catalina.startup.HostConfig.deployDescriptor The path attribute with value [/Cara] in deployment descriptor [D:\webnetbeansbinh\apache-tomcat-10.1.28\conf\Catalina\localhost\Cara.xml] has been ignored
17-Oct-2024 07:35:02.094 INFO [http-nio-8080-exec-40] org.apache.jasper.servlet.TldScanner.scanJars At least one JAR was scanned for TLDs yet contained no TLDs. Enable debug logging for this logger for a complete list of JARs that were scanned but no TLDs were found in them. Skipping unneeded JARs during scanning can improve startup time and JSP compilation time.
17-Oct-2024 07:35:02.102 INFO [http-nio-8080-exec-40] org.apache.catalina.startup.HostConfig.deployDescriptor Deployment of deployment descriptor [D:\webnetbeansbinh\apache-tomcat-10.1.28\conf\Catalina\localhost\Cara.xml] has finished in [580] ms
17-Oct-2024 07:35:02.106 INFO [http-nio-8080-exec-50] org.apache.catalina.util.LifecycleBase.start The start() method was called on component [StandardEngine[Catalina].StandardHost[localhost].StandardContext[/Cara]] after start() had already been called. The second call will be ignored.
17-Oct-2024 07:35:40.333 INFO [http-nio-8080-exec-46] org.apache.catalina.startup.HostConfig.undeploy Undeploying context [/Cara]
17-Oct-2024 07:35:40.345 INFO [http-nio-8080-exec-52] org.apache.catalina.startup.HostConfig.deployDescriptor Deploying deployment descriptor [D:\webnetbeansbinh\apache-tomcat-10.1.28\conf\Catalina\localhost\Cara.xml]
17-Oct-2024 07:35:40.347 WARNING [http-nio-8080-exec-52] org.apache.catalina.startup.HostConfig.deployDescriptor The path attribute with value [/Cara] in deployment descriptor [D:\webnetbeansbinh\apache-tomcat-10.1.28\conf\Catalina\localhost\Cara.xml] has been ignored
17-Oct-2024 07:35:40.907 INFO [http-nio-8080-exec-52] org.apache.jasper.servlet.TldScanner.scanJars At least one JAR was scanned for TLDs yet contained no TLDs. Enable debug logging for this logger for a complete list of JARs that were scanned but no TLDs were found in them. Skipping unneeded JARs during scanning can improve startup time and JSP compilation time.
17-Oct-2024 07:35:40.915 INFO [http-nio-8080-exec-52] org.apache.catalina.startup.HostConfig.deployDescriptor Deployment of deployment descriptor [D:\webnetbeansbinh\apache-tomcat-10.1.28\conf\Catalina\localhost\Cara.xml] has finished in [570] ms
17-Oct-2024 07:35:40.920 INFO [http-nio-8080-exec-50] org.apache.catalina.util.LifecycleBase.start The start() method was called on component [StandardEngine[Catalina].StandardHost[localhost].StandardContext[/Cara]] after start() had already been called. The second call will be ignored.
17-Oct-2024 07:36:50.214 INFO [http-nio-8080-exec-63] org.apache.catalina.startup.HostConfig.undeploy Undeploying context [/Cara]
17-Oct-2024 07:36:50.231 INFO [http-nio-8080-exec-58] org.apache.catalina.startup.HostConfig.deployDescriptor Deploying deployment descriptor [D:\webnetbeansbinh\apache-tomcat-10.1.28\conf\Catalina\localhost\Cara.xml]
17-Oct-2024 07:36:50.232 WARNING [http-nio-8080-exec-58] org.apache.catalina.startup.HostConfig.deployDescriptor The path attribute with value [/Cara] in deployment descriptor [D:\webnetbeansbinh\apache-tomcat-10.1.28\conf\Catalina\localhost\Cara.xml] has been ignored
17-Oct-2024 07:36:50.761 INFO [http-nio-8080-exec-58] org.apache.jasper.servlet.TldScanner.scanJars At least one JAR was scanned for TLDs yet contained no TLDs. Enable debug logging for this logger for a complete list of JARs that were scanned but no TLDs were found in them. Skipping unneeded JARs during scanning can improve startup time and JSP compilation time.
17-Oct-2024 07:36:50.769 INFO [http-nio-8080-exec-58] org.apache.catalina.startup.HostConfig.deployDescriptor Deployment of deployment descriptor [D:\webnetbeansbinh\apache-tomcat-10.1.28\conf\Catalina\localhost\Cara.xml] has finished in [538] ms
17-Oct-2024 07:36:50.773 INFO [http-nio-8080-exec-56] org.apache.catalina.util.LifecycleBase.start The start() method was called on component [StandardEngine[Catalina].StandardHost[localhost].StandardContext[/Cara]] after start() had already been called. The second call will be ignored.
17-Oct-2024 07:37:59.452 INFO [http-nio-8080-exec-51] org.apache.catalina.core.StandardContext.reload Reloading Context with name [/Cara] has started
17-Oct-2024 07:38:00.748 INFO [http-nio-8080-exec-51] org.apache.jasper.servlet.TldScanner.scanJars At least one JAR was scanned for TLDs yet contained no TLDs. Enable debug logging for this logger for a complete list of JARs that were scanned but no TLDs were found in them. Skipping unneeded JARs during scanning can improve startup time and JSP compilation time.
17-Oct-2024 07:38:00.770 INFO [http-nio-8080-exec-51] org.apache.catalina.core.StandardContext.reload Reloading Context with name [/Cara] is completed
17-Oct-2024 07:38:02.250 INFO [http-nio-8080-exec-69] org.apache.catalina.core.StandardContext.reload Reloading Context with name [/Cara] has started
17-Oct-2024 07:38:03.459 INFO [http-nio-8080-exec-69] org.apache.jasper.servlet.TldScanner.scanJars At least one JAR was scanned for TLDs yet contained no TLDs. Enable debug logging for this logger for a complete list of JARs that were scanned but no TLDs were found in them. Skipping unneeded JARs during scanning can improve startup time and JSP compilation time.
17-Oct-2024 07:38:03.476 INFO [http-nio-8080-exec-69] org.apache.catalina.core.StandardContext.reload Reloading Context with name [/Cara] is completed
17-Oct-2024 07:39:24.846 INFO [http-nio-8080-exec-76] org.apache.catalina.core.StandardContext.reload Reloading Context with name [/Cara] has started
17-Oct-2024 07:39:25.420 INFO [http-nio-8080-exec-76] org.apache.jasper.servlet.TldScanner.scanJars At least one JAR was scanned for TLDs yet contained no TLDs. Enable debug logging for this logger for a complete list of JARs that were scanned but no TLDs were found in them. Skipping unneeded JARs during scanning can improve startup time and JSP compilation time.
17-Oct-2024 07:39:25.430 INFO [http-nio-8080-exec-76] org.apache.catalina.core.StandardContext.reload Reloading Context with name [/Cara] is completed
17-Oct-2024 07:39:59.475 INFO [http-nio-8080-exec-60] org.apache.catalina.core.StandardContext.reload Reloading Context with name [/Cara] has started
17-Oct-2024 07:40:00.844 INFO [http-nio-8080-exec-60] org.apache.jasper.servlet.TldScanner.scanJars At least one JAR was scanned for TLDs yet contained no TLDs. Enable debug logging for this logger for a complete list of JARs that were scanned but no TLDs were found in them. Skipping unneeded JARs during scanning can improve startup time and JSP compilation time.
17-Oct-2024 07:40:00.872 INFO [http-nio-8080-exec-60] org.apache.catalina.core.StandardContext.reload Reloading Context with name [/Cara] is completed
17-Oct-2024 07:40:01.253 INFO [http-nio-8080-exec-70] org.apache.catalina.core.StandardContext.reload Reloading Context with name [/Cara] has started
17-Oct-2024 07:40:02.402 INFO [http-nio-8080-exec-70] org.apache.jasper.servlet.TldScanner.scanJars At least one JAR was scanned for TLDs yet contained no TLDs. Enable debug logging for this logger for a complete list of JARs that were scanned but no TLDs were found in them. Skipping unneeded JARs during scanning can improve startup time and JSP compilation time.
17-Oct-2024 07:40:02.417 INFO [http-nio-8080-exec-70] org.apache.catalina.core.StandardContext.reload Reloading Context with name [/Cara] is completed
17-Oct-2024 07:40:16.195 INFO [http-nio-8080-exec-80] org.apache.catalina.startup.HostConfig.undeploy Undeploying context [/Cara]
17-Oct-2024 07:40:16.212 INFO [http-nio-8080-exec-77] org.apache.catalina.startup.HostConfig.deployDescriptor Deploying deployment descriptor [D:\webnetbeansbinh\apache-tomcat-10.1.28\conf\Catalina\localhost\Cara.xml]
17-Oct-2024 07:40:16.214 WARNING [http-nio-8080-exec-77] org.apache.catalina.startup.HostConfig.deployDescriptor The path attribute with value [/Cara] in deployment descriptor [D:\webnetbeansbinh\apache-tomcat-10.1.28\conf\Catalina\localhost\Cara.xml] has been ignored
17-Oct-2024 07:40:16.752 INFO [http-nio-8080-exec-77] org.apache.jasper.servlet.TldScanner.scanJars At least one JAR was scanned for TLDs yet contained no TLDs. Enable debug logging for this logger for a complete list of JARs that were scanned but no TLDs were found in them. Skipping unneeded JARs during scanning can improve startup time and JSP compilation time.
17-Oct-2024 07:40:16.766 INFO [http-nio-8080-exec-77] org.apache.catalina.startup.HostConfig.deployDescriptor Deployment of deployment descriptor [D:\webnetbeansbinh\apache-tomcat-10.1.28\conf\Catalina\localhost\Cara.xml] has finished in [553] ms
17-Oct-2024 07:40:16.771 INFO [http-nio-8080-exec-65] org.apache.catalina.util.LifecycleBase.start The start() method was called on component [StandardEngine[Catalina].StandardHost[localhost].StandardContext[/Cara]] after start() had already been called. The second call will be ignored.
17-Oct-2024 07:40:54.865 INFO [http-nio-8080-exec-83] org.apache.catalina.startup.HostConfig.undeploy Undeploying context [/Cara]
17-Oct-2024 07:40:54.884 INFO [http-nio-8080-exec-80] org.apache.catalina.startup.HostConfig.deployDescriptor Deploying deployment descriptor [D:\webnetbeansbinh\apache-tomcat-10.1.28\conf\Catalina\localhost\Cara.xml]
17-Oct-2024 07:40:54.885 WARNING [http-nio-8080-exec-80] org.apache.catalina.startup.HostConfig.deployDescriptor The path attribute with value [/Cara] in deployment descriptor [D:\webnetbeansbinh\apache-tomcat-10.1.28\conf\Catalina\localhost\Cara.xml] has been ignored
17-Oct-2024 07:40:55.430 INFO [http-nio-8080-exec-80] org.apache.jasper.servlet.TldScanner.scanJars At least one JAR was scanned for TLDs yet contained no TLDs. Enable debug logging for this logger for a complete list of JARs that were scanned but no TLDs were found in them. Skipping unneeded JARs during scanning can improve startup time and JSP compilation time.
17-Oct-2024 07:40:55.438 INFO [http-nio-8080-exec-80] org.apache.catalina.startup.HostConfig.deployDescriptor Deployment of deployment descriptor [D:\webnetbeansbinh\apache-tomcat-10.1.28\conf\Catalina\localhost\Cara.xml] has finished in [554] ms
17-Oct-2024 07:40:55.442 INFO [http-nio-8080-exec-84] org.apache.catalina.util.LifecycleBase.start The start() method was called on component [StandardEngine[Catalina].StandardHost[localhost].StandardContext[/Cara]] after start() had already been called. The second call will be ignored.
17-Oct-2024 07:41:12.656 INFO [http-nio-8080-exec-82] org.apache.catalina.startup.HostConfig.undeploy Undeploying context [/Cara]
17-Oct-2024 07:41:12.671 INFO [http-nio-8080-exec-76] org.apache.catalina.startup.HostConfig.deployDescriptor Deploying deployment descriptor [D:\webnetbeansbinh\apache-tomcat-10.1.28\conf\Catalina\localhost\Cara.xml]
17-Oct-2024 07:41:12.674 WARNING [http-nio-8080-exec-76] org.apache.catalina.startup.HostConfig.deployDescriptor The path attribute with value [/Cara] in deployment descriptor [D:\webnetbeansbinh\apache-tomcat-10.1.28\conf\Catalina\localhost\Cara.xml] has been ignored
17-Oct-2024 07:41:13.188 INFO [http-nio-8080-exec-76] org.apache.jasper.servlet.TldScanner.scanJars At least one JAR was scanned for TLDs yet contained no TLDs. Enable debug logging for this logger for a complete list of JARs that were scanned but no TLDs were found in them. Skipping unneeded JARs during scanning can improve startup time and JSP compilation time.
17-Oct-2024 07:41:13.196 INFO [http-nio-8080-exec-76] org.apache.catalina.startup.HostConfig.deployDescriptor Deployment of deployment descriptor [D:\webnetbeansbinh\apache-tomcat-10.1.28\conf\Catalina\localhost\Cara.xml] has finished in [524] ms
17-Oct-2024 07:41:13.200 INFO [http-nio-8080-exec-83] org.apache.catalina.util.LifecycleBase.start The start() method was called on component [StandardEngine[Catalina].StandardHost[localhost].StandardContext[/Cara]] after start() had already been called. The second call will be ignored.
17-Oct-2024 07:41:34.400 INFO [http-nio-8080-exec-88] org.apache.catalina.core.StandardContext.reload Reloading Context with name [/Cara] has started
17-Oct-2024 07:41:34.902 INFO [http-nio-8080-exec-88] org.apache.jasper.servlet.TldScanner.scanJars At least one JAR was scanned for TLDs yet contained no TLDs. Enable debug logging for this logger for a complete list of JARs that were scanned but no TLDs were found in them. Skipping unneeded JARs during scanning can improve startup time and JSP compilation time.
17-Oct-2024 07:41:34.909 INFO [http-nio-8080-exec-88] org.apache.catalina.core.StandardContext.reload Reloading Context with name [/Cara] is completed
17-Oct-2024 07:41:36.980 INFO [http-nio-8080-exec-74] org.apache.catalina.startup.HostConfig.undeploy Undeploying context [/Cara]
17-Oct-2024 07:41:36.991 INFO [http-nio-8080-exec-89] org.apache.catalina.startup.HostConfig.deployDescriptor Deploying deployment descriptor [D:\webnetbeansbinh\apache-tomcat-10.1.28\conf\Catalina\localhost\Cara.xml]
17-Oct-2024 07:41:36.994 WARNING [http-nio-8080-exec-89] org.apache.catalina.startup.HostConfig.deployDescriptor The path attribute with value [/Cara] in deployment descriptor [D:\webnetbeansbinh\apache-tomcat-10.1.28\conf\Catalina\localhost\Cara.xml] has been ignored
17-Oct-2024 07:41:37.493 INFO [http-nio-8080-exec-89] org.apache.jasper.servlet.TldScanner.scanJars At least one JAR was scanned for TLDs yet contained no TLDs. Enable debug logging for this logger for a complete list of JARs that were scanned but no TLDs were found in them. Skipping unneeded JARs during scanning can improve startup time and JSP compilation time.
17-Oct-2024 07:41:37.500 INFO [http-nio-8080-exec-89] org.apache.catalina.startup.HostConfig.deployDescriptor Deployment of deployment descriptor [D:\webnetbeansbinh\apache-tomcat-10.1.28\conf\Catalina\localhost\Cara.xml] has finished in [509] ms
17-Oct-2024 07:41:37.504 INFO [http-nio-8080-exec-90] org.apache.catalina.util.LifecycleBase.start The start() method was called on component [StandardEngine[Catalina].StandardHost[localhost].StandardContext[/Cara]] after start() had already been called. The second call will be ignored.
17-Oct-2024 07:41:49.748 INFO [http-nio-8080-exec-93] org.apache.catalina.startup.HostConfig.undeploy Undeploying context [/Cara]
17-Oct-2024 07:41:49.762 INFO [http-nio-8080-exec-85] org.apache.catalina.startup.HostConfig.deployDescriptor Deploying deployment descriptor [D:\webnetbeansbinh\apache-tomcat-10.1.28\conf\Catalina\localhost\Cara.xml]
17-Oct-2024 07:41:49.763 WARNING [http-nio-8080-exec-85] org.apache.catalina.startup.HostConfig.deployDescriptor The path attribute with value [/Cara] in deployment descriptor [D:\webnetbeansbinh\apache-tomcat-10.1.28\conf\Catalina\localhost\Cara.xml] has been ignored
17-Oct-2024 07:41:50.275 INFO [http-nio-8080-exec-85] org.apache.jasper.servlet.TldScanner.scanJars At least one JAR was scanned for TLDs yet contained no TLDs. Enable debug logging for this logger for a complete list of JARs that were scanned but no TLDs were found in them. Skipping unneeded JARs during scanning can improve startup time and JSP compilation time.
17-Oct-2024 07:41:50.283 INFO [http-nio-8080-exec-85] org.apache.catalina.startup.HostConfig.deployDescriptor Deployment of deployment descriptor [D:\webnetbeansbinh\apache-tomcat-10.1.28\conf\Catalina\localhost\Cara.xml] has finished in [522] ms
17-Oct-2024 07:41:50.288 INFO [http-nio-8080-exec-88] org.apache.catalina.util.LifecycleBase.start The start() method was called on component [StandardEngine[Catalina].StandardHost[localhost].StandardContext[/Cara]] after start() had already been called. The second call will be ignored.
17-Oct-2024 07:41:53.159 INFO [http-nio-8080-exec-95] org.apache.catalina.startup.HostConfig.undeploy Undeploying context [/Cara]
17-Oct-2024 07:41:53.170 INFO [http-nio-8080-exec-92] org.apache.catalina.startup.HostConfig.deployDescriptor Deploying deployment descriptor [D:\webnetbeansbinh\apache-tomcat-10.1.28\conf\Catalina\localhost\Cara.xml]
17-Oct-2024 07:41:53.171 WARNING [http-nio-8080-exec-92] org.apache.catalina.startup.HostConfig.deployDescriptor The path attribute with value [/Cara] in deployment descriptor [D:\webnetbeansbinh\apache-tomcat-10.1.28\conf\Catalina\localhost\Cara.xml] has been ignored
17-Oct-2024 07:41:53.727 INFO [http-nio-8080-exec-92] org.apache.jasper.servlet.TldScanner.scanJars At least one JAR was scanned for TLDs yet contained no TLDs. Enable debug logging for this logger for a complete list of JARs that were scanned but no TLDs were found in them. Skipping unneeded JARs during scanning can improve startup time and JSP compilation time.
17-Oct-2024 07:41:53.737 INFO [http-nio-8080-exec-92] org.apache.catalina.startup.HostConfig.deployDescriptor Deployment of deployment descriptor [D:\webnetbeansbinh\apache-tomcat-10.1.28\conf\Catalina\localhost\Cara.xml] has finished in [566] ms
17-Oct-2024 07:41:53.740 INFO [http-nio-8080-exec-88] org.apache.catalina.util.LifecycleBase.start The start() method was called on component [StandardEngine[Catalina].StandardHost[localhost].StandardContext[/Cara]] after start() had already been called. The second call will be ignored.
17-Oct-2024 07:42:21.710 INFO [http-nio-8080-exec-90] org.apache.catalina.core.StandardContext.reload Reloading Context with name [/Cara] has started
17-Oct-2024 07:42:22.318 INFO [http-nio-8080-exec-90] org.apache.jasper.servlet.TldScanner.scanJars At least one JAR was scanned for TLDs yet contained no TLDs. Enable debug logging for this logger for a complete list of JARs that were scanned but no TLDs were found in them. Skipping unneeded JARs during scanning can improve startup time and JSP compilation time.
17-Oct-2024 07:42:22.332 INFO [http-nio-8080-exec-90] org.apache.catalina.core.StandardContext.reload Reloading Context with name [/Cara] is completed
17-Oct-2024 07:42:24.139 INFO [http-nio-8080-exec-97] org.apache.catalina.startup.HostConfig.undeploy Undeploying context [/Cara]
17-Oct-2024 07:42:24.170 INFO [http-nio-8080-exec-95] org.apache.catalina.startup.HostConfig.deployDescriptor Deploying deployment descriptor [D:\webnetbeansbinh\apache-tomcat-10.1.28\conf\Catalina\localhost\Cara.xml]
17-Oct-2024 07:42:24.171 WARNING [http-nio-8080-exec-95] org.apache.catalina.startup.HostConfig.deployDescriptor The path attribute with value [/Cara] in deployment descriptor [D:\webnetbeansbinh\apache-tomcat-10.1.28\conf\Catalina\localhost\Cara.xml] has been ignored
17-Oct-2024 07:42:24.284 INFO [http-nio-8080-exec-95] org.apache.jasper.servlet.TldScanner.scanJars At least one JAR was scanned for TLDs yet contained no TLDs. Enable debug logging for this logger for a complete list of JARs that were scanned but no TLDs were found in them. Skipping unneeded JARs during scanning can improve startup time and JSP compilation time.
17-Oct-2024 07:42:24.287 INFO [http-nio-8080-exec-95] org.apache.catalina.startup.HostConfig.deployDescriptor Deployment of deployment descriptor [D:\webnetbeansbinh\apache-tomcat-10.1.28\conf\Catalina\localhost\Cara.xml] has finished in [116] ms
17-Oct-2024 07:42:24.292 INFO [http-nio-8080-exec-82] org.apache.catalina.util.LifecycleBase.start The start() method was called on component [StandardEngine[Catalina].StandardHost[localhost].StandardContext[/Cara]] after start() had already been called. The second call will be ignored.
17-Oct-2024 07:42:35.039 INFO [http-nio-8080-exec-101] org.apache.catalina.startup.HostConfig.undeploy Undeploying context [/Cara]
17-Oct-2024 07:42:35.051 INFO [http-nio-8080-exec-82] org.apache.catalina.startup.HostConfig.deployDescriptor Deploying deployment descriptor [D:\webnetbeansbinh\apache-tomcat-10.1.28\conf\Catalina\localhost\Cara.xml]
17-Oct-2024 07:42:35.053 WARNING [http-nio-8080-exec-82] org.apache.catalina.startup.HostConfig.deployDescriptor The path attribute with value [/Cara] in deployment descriptor [D:\webnetbeansbinh\apache-tomcat-10.1.28\conf\Catalina\localhost\Cara.xml] has been ignored
17-Oct-2024 07:42:35.115 INFO [http-nio-8080-exec-82] org.apache.jasper.servlet.TldScanner.scanJars At least one JAR was scanned for TLDs yet contained no TLDs. Enable debug logging for this logger for a complete list of JARs that were scanned but no TLDs were found in them. Skipping unneeded JARs during scanning can improve startup time and JSP compilation time.
17-Oct-2024 07:42:35.117 INFO [http-nio-8080-exec-82] org.apache.catalina.startup.HostConfig.deployDescriptor Deployment of deployment descriptor [D:\webnetbeansbinh\apache-tomcat-10.1.28\conf\Catalina\localhost\Cara.xml] has finished in [66] ms
17-Oct-2024 07:42:35.120 INFO [http-nio-8080-exec-102] org.apache.catalina.util.LifecycleBase.start The start() method was called on component [StandardEngine[Catalina].StandardHost[localhost].StandardContext[/Cara]] after start() had already been called. The second call will be ignored.
17-Oct-2024 07:42:42.182 INFO [http-nio-8080-exec-104] org.apache.catalina.startup.HostConfig.undeploy Undeploying context [/Cara]
17-Oct-2024 07:42:42.200 INFO [http-nio-8080-exec-97] org.apache.catalina.startup.HostConfig.deployDescriptor Deploying deployment descriptor [D:\webnetbeansbinh\apache-tomcat-10.1.28\conf\Catalina\localhost\Cara.xml]
17-Oct-2024 07:42:42.201 WARNING [http-nio-8080-exec-97] org.apache.catalina.startup.HostConfig.deployDescriptor The path attribute with value [/Cara] in deployment descriptor [D:\webnetbeansbinh\apache-tomcat-10.1.28\conf\Catalina\localhost\Cara.xml] has been ignored
17-Oct-2024 07:42:42.310 INFO [http-nio-8080-exec-97] org.apache.jasper.servlet.TldScanner.scanJars At least one JAR was scanned for TLDs yet contained no TLDs. Enable debug logging for this logger for a complete list of JARs that were scanned but no TLDs were found in them. Skipping unneeded JARs during scanning can improve startup time and JSP compilation time.
17-Oct-2024 07:42:42.314 INFO [http-nio-8080-exec-97] org.apache.catalina.startup.HostConfig.deployDescriptor Deployment of deployment descriptor [D:\webnetbeansbinh\apache-tomcat-10.1.28\conf\Catalina\localhost\Cara.xml] has finished in [113] ms
17-Oct-2024 07:42:42.319 INFO [http-nio-8080-exec-99] org.apache.catalina.util.LifecycleBase.start The start() method was called on component [StandardEngine[Catalina].StandardHost[localhost].StandardContext[/Cara]] after start() had already been called. The second call will be ignored.
17-Oct-2024 07:42:52.502 INFO [http-nio-8080-exec-103] org.apache.catalina.startup.HostConfig.undeploy Undeploying context [/Cara]
17-Oct-2024 07:42:52.522 INFO [http-nio-8080-exec-100] org.apache.catalina.startup.HostConfig.deployDescriptor Deploying deployment descriptor [D:\webnetbeansbinh\apache-tomcat-10.1.28\conf\Catalina\localhost\Cara.xml]
17-Oct-2024 07:42:52.524 WARNING [http-nio-8080-exec-100] org.apache.catalina.startup.HostConfig.deployDescriptor The path attribute with value [/Cara] in deployment descriptor [D:\webnetbeansbinh\apache-tomcat-10.1.28\conf\Catalina\localhost\Cara.xml] has been ignored
17-Oct-2024 07:42:52.591 INFO [http-nio-8080-exec-100] org.apache.jasper.servlet.TldScanner.scanJars At least one JAR was scanned for TLDs yet contained no TLDs. Enable debug logging for this logger for a complete list of JARs that were scanned but no TLDs were found in them. Skipping unneeded JARs during scanning can improve startup time and JSP compilation time.
17-Oct-2024 07:42:52.593 INFO [http-nio-8080-exec-100] org.apache.catalina.startup.HostConfig.deployDescriptor Deployment of deployment descriptor [D:\webnetbeansbinh\apache-tomcat-10.1.28\conf\Catalina\localhost\Cara.xml] has finished in [70] ms
17-Oct-2024 07:42:52.596 INFO [http-nio-8080-exec-107] org.apache.catalina.util.LifecycleBase.start The start() method was called on component [StandardEngine[Catalina].StandardHost[localhost].StandardContext[/Cara]] after start() had already been called. The second call will be ignored.
17-Oct-2024 07:45:01.626 INFO [http-nio-8080-exec-112] org.apache.catalina.core.StandardContext.reload Reloading Context with name [/Cara] has started
17-Oct-2024 07:45:01.701 INFO [http-nio-8080-exec-112] org.apache.jasper.servlet.TldScanner.scanJars At least one JAR was scanned for TLDs yet contained no TLDs. Enable debug logging for this logger for a complete list of JARs that were scanned but no TLDs were found in them. Skipping unneeded JARs during scanning can improve startup time and JSP compilation time.
17-Oct-2024 07:45:01.702 INFO [http-nio-8080-exec-112] org.apache.catalina.core.StandardContext.reload Reloading Context with name [/Cara] is completed
17-Oct-2024 07:45:09.663 INFO [http-nio-8080-exec-110] org.apache.catalina.startup.HostConfig.undeploy Undeploying context [/Cara]
17-Oct-2024 07:45:09.676 INFO [http-nio-8080-exec-113] org.apache.catalina.startup.HostConfig.deployDescriptor Deploying deployment descriptor [D:\webnetbeansbinh\apache-tomcat-10.1.28\conf\Catalina\localhost\Cara.xml]
17-Oct-2024 07:45:09.677 WARNING [http-nio-8080-exec-113] org.apache.catalina.startup.HostConfig.deployDescriptor The path attribute with value [/Cara] in deployment descriptor [D:\webnetbeansbinh\apache-tomcat-10.1.28\conf\Catalina\localhost\Cara.xml] has been ignored
17-Oct-2024 07:45:10.237 INFO [http-nio-8080-exec-113] org.apache.jasper.servlet.TldScanner.scanJars At least one JAR was scanned for TLDs yet contained no TLDs. Enable debug logging for this logger for a complete list of JARs that were scanned but no TLDs were found in them. Skipping unneeded JARs during scanning can improve startup time and JSP compilation time.
17-Oct-2024 07:45:10.244 INFO [http-nio-8080-exec-113] org.apache.catalina.startup.HostConfig.deployDescriptor Deployment of deployment descriptor [D:\webnetbeansbinh\apache-tomcat-10.1.28\conf\Catalina\localhost\Cara.xml] has finished in [568] ms
17-Oct-2024 07:45:10.248 INFO [http-nio-8080-exec-107] org.apache.catalina.util.LifecycleBase.start The start() method was called on component [StandardEngine[Catalina].StandardHost[localhost].StandardContext[/Cara]] after start() had already been called. The second call will be ignored.
17-Oct-2024 07:45:36.133 INFO [http-nio-8080-exec-118] org.apache.catalina.startup.HostConfig.undeploy Undeploying context [/Cara]
17-Oct-2024 07:45:36.148 INFO [http-nio-8080-exec-111] org.apache.catalina.startup.HostConfig.deployDescriptor Deploying deployment descriptor [D:\webnetbeansbinh\apache-tomcat-10.1.28\conf\Catalina\localhost\Cara.xml]
17-Oct-2024 07:45:36.150 WARNING [http-nio-8080-exec-111] org.apache.catalina.startup.HostConfig.deployDescriptor The path attribute with value [/Cara] in deployment descriptor [D:\webnetbeansbinh\apache-tomcat-10.1.28\conf\Catalina\localhost\Cara.xml] has been ignored
17-Oct-2024 07:45:36.748 INFO [http-nio-8080-exec-111] org.apache.jasper.servlet.TldScanner.scanJars At least one JAR was scanned for TLDs yet contained no TLDs. Enable debug logging for this logger for a complete list of JARs that were scanned but no TLDs were found in them. Skipping unneeded JARs during scanning can improve startup time and JSP compilation time.
17-Oct-2024 07:45:36.755 INFO [http-nio-8080-exec-111] org.apache.catalina.startup.HostConfig.deployDescriptor Deployment of deployment descriptor [D:\webnetbeansbinh\apache-tomcat-10.1.28\conf\Catalina\localhost\Cara.xml] has finished in [607] ms
17-Oct-2024 07:45:36.759 INFO [http-nio-8080-exec-100] org.apache.catalina.util.LifecycleBase.start The start() method was called on component [StandardEngine[Catalina].StandardHost[localhost].StandardContext[/Cara]] after start() had already been called. The second call will be ignored.
17-Oct-2024 07:45:44.786 INFO [http-nio-8080-exec-116] org.apache.catalina.core.StandardContext.reload Reloading Context with name [/Cara] has started
17-Oct-2024 07:45:45.333 INFO [http-nio-8080-exec-116] org.apache.jasper.servlet.TldScanner.scanJars At least one JAR was scanned for TLDs yet contained no TLDs. Enable debug logging for this logger for a complete list of JARs that were scanned but no TLDs were found in them. Skipping unneeded JARs during scanning can improve startup time and JSP compilation time.
17-Oct-2024 07:45:45.340 INFO [http-nio-8080-exec-116] org.apache.catalina.core.StandardContext.reload Reloading Context with name [/Cara] is completed
17-Oct-2024 07:45:50.955 INFO [http-nio-8080-exec-100] org.apache.catalina.startup.HostConfig.undeploy Undeploying context [/Cara]
17-Oct-2024 07:45:50.972 INFO [http-nio-8080-exec-122] org.apache.catalina.startup.HostConfig.deployDescriptor Deploying deployment descriptor [D:\webnetbeansbinh\apache-tomcat-10.1.28\conf\Catalina\localhost\Cara.xml]
17-Oct-2024 07:45:50.973 WARNING [http-nio-8080-exec-122] org.apache.catalina.startup.HostConfig.deployDescriptor The path attribute with value [/Cara] in deployment descriptor [D:\webnetbeansbinh\apache-tomcat-10.1.28\conf\Catalina\localhost\Cara.xml] has been ignored
17-Oct-2024 07:45:51.499 INFO [http-nio-8080-exec-122] org.apache.jasper.servlet.TldScanner.scanJars At least one JAR was scanned for TLDs yet contained no TLDs. Enable debug logging for this logger for a complete list of JARs that were scanned but no TLDs were found in them. Skipping unneeded JARs during scanning can improve startup time and JSP compilation time.
17-Oct-2024 07:45:51.508 INFO [http-nio-8080-exec-122] org.apache.catalina.startup.HostConfig.deployDescriptor Deployment of deployment descriptor [D:\webnetbeansbinh\apache-tomcat-10.1.28\conf\Catalina\localhost\Cara.xml] has finished in [537] ms
17-Oct-2024 07:45:51.511 INFO [http-nio-8080-exec-119] org.apache.catalina.util.LifecycleBase.start The start() method was called on component [StandardEngine[Catalina].StandardHost[localhost].StandardContext[/Cara]] after start() had already been called. The second call will be ignored.
17-Oct-2024 07:46:53.620 INFO [http-nio-8080-exec-128] org.apache.catalina.startup.HostConfig.undeploy Undeploying context [/Cara]
17-Oct-2024 07:46:53.641 INFO [http-nio-8080-exec-126] org.apache.catalina.startup.HostConfig.deployDescriptor Deploying deployment descriptor [D:\webnetbeansbinh\apache-tomcat-10.1.28\conf\Catalina\localhost\Cara.xml]
17-Oct-2024 07:46:53.642 WARNING [http-nio-8080-exec-126] org.apache.catalina.startup.HostConfig.deployDescriptor The path attribute with value [/Cara] in deployment descriptor [D:\webnetbeansbinh\apache-tomcat-10.1.28\conf\Catalina\localhost\Cara.xml] has been ignored
17-Oct-2024 07:46:54.231 INFO [http-nio-8080-exec-126] org.apache.jasper.servlet.TldScanner.scanJars At least one JAR was scanned for TLDs yet contained no TLDs. Enable debug logging for this logger for a complete list of JARs that were scanned but no TLDs were found in them. Skipping unneeded JARs during scanning can improve startup time and JSP compilation time.
17-Oct-2024 07:46:54.240 INFO [http-nio-8080-exec-126] org.apache.catalina.startup.HostConfig.deployDescriptor Deployment of deployment descriptor [D:\webnetbeansbinh\apache-tomcat-10.1.28\conf\Catalina\localhost\Cara.xml] has finished in [598] ms
17-Oct-2024 07:46:54.244 INFO [http-nio-8080-exec-127] org.apache.catalina.util.LifecycleBase.start The start() method was called on component [StandardEngine[Catalina].StandardHost[localhost].StandardContext[/Cara]] after start() had already been called. The second call will be ignored.
17-Oct-2024 07:49:08.463 INFO [http-nio-8080-exec-100] org.apache.catalina.startup.HostConfig.undeploy Undeploying context [/Cara]
17-Oct-2024 07:49:08.480 INFO [http-nio-8080-exec-134] org.apache.catalina.startup.HostConfig.deployDescriptor Deploying deployment descriptor [D:\webnetbeansbinh\apache-tomcat-10.1.28\conf\Catalina\localhost\Cara.xml]
17-Oct-2024 07:49:08.482 WARNING [http-nio-8080-exec-134] org.apache.catalina.startup.HostConfig.deployDescriptor The path attribute with value [/Cara] in deployment descriptor [D:\webnetbeansbinh\apache-tomcat-10.1.28\conf\Catalina\localhost\Cara.xml] has been ignored
17-Oct-2024 07:49:08.593 INFO [http-nio-8080-exec-134] org.apache.jasper.servlet.TldScanner.scanJars At least one JAR was scanned for TLDs yet contained no TLDs. Enable debug logging for this logger for a complete list of JARs that were scanned but no TLDs were found in them. Skipping unneeded JARs during scanning can improve startup time and JSP compilation time.
17-Oct-2024 07:49:08.595 INFO [http-nio-8080-exec-134] org.apache.catalina.startup.HostConfig.deployDescriptor Deployment of deployment descriptor [D:\webnetbeansbinh\apache-tomcat-10.1.28\conf\Catalina\localhost\Cara.xml] has finished in [115] ms
17-Oct-2024 07:49:08.598 INFO [http-nio-8080-exec-131] org.apache.catalina.util.LifecycleBase.start The start() method was called on component [StandardEngine[Catalina].StandardHost[localhost].StandardContext[/Cara]] after start() had already been called. The second call will be ignored.
17-Oct-2024 07:52:28.465 INFO [http-nio-8080-exec-146] org.apache.jasper.servlet.TldScanner.scanJars At least one JAR was scanned for TLDs yet contained no TLDs. Enable debug logging for this logger for a complete list of JARs that were scanned but no TLDs were found in them. Skipping unneeded JARs during scanning can improve startup time and JSP compilation time.
17-Oct-2024 07:54:01.472 INFO [http-nio-8080-exec-145] org.apache.catalina.startup.HostConfig.undeploy Undeploying context [/Cara]
17-Oct-2024 07:54:01.503 INFO [http-nio-8080-exec-138] org.apache.catalina.startup.HostConfig.deployDescriptor Deploying deployment descriptor [D:\webnetbeansbinh\apache-tomcat-10.1.28\conf\Catalina\localhost\Cara.xml]
17-Oct-2024 07:54:01.505 WARNING [http-nio-8080-exec-138] org.apache.catalina.startup.HostConfig.deployDescriptor The path attribute with value [/Cara] in deployment descriptor [D:\webnetbeansbinh\apache-tomcat-10.1.28\conf\Catalina\localhost\Cara.xml] has been ignored
17-Oct-2024 07:54:02.366 INFO [http-nio-8080-exec-138] org.apache.jasper.servlet.TldScanner.scanJars At least one JAR was scanned for TLDs yet contained no TLDs. Enable debug logging for this logger for a complete list of JARs that were scanned but no TLDs were found in them. Skipping unneeded JARs during scanning can improve startup time and JSP compilation time.
17-Oct-2024 07:54:02.375 INFO [http-nio-8080-exec-138] org.apache.catalina.startup.HostConfig.deployDescriptor Deployment of deployment descriptor [D:\webnetbeansbinh\apache-tomcat-10.1.28\conf\Catalina\localhost\Cara.xml] has finished in [871] ms
17-Oct-2024 07:54:02.379 INFO [http-nio-8080-exec-134] org.apache.catalina.util.LifecycleBase.start The start() method was called on component [StandardEngine[Catalina].StandardHost[localhost].StandardContext[/Cara]] after start() had already been called. The second call will be ignored.
17-Oct-2024 07:57:52.872 INFO [http-nio-8080-exec-157] org.apache.catalina.startup.HostConfig.undeploy Undeploying context [/Cara]
17-Oct-2024 07:57:52.890 INFO [http-nio-8080-exec-156] org.apache.catalina.startup.HostConfig.deployDescriptor Deploying deployment descriptor [D:\webnetbeansbinh\apache-tomcat-10.1.28\conf\Catalina\localhost\Cara.xml]
17-Oct-2024 07:57:52.892 WARNING [http-nio-8080-exec-156] org.apache.catalina.startup.HostConfig.deployDescriptor The path attribute with value [/Cara] in deployment descriptor [D:\webnetbeansbinh\apache-tomcat-10.1.28\conf\Catalina\localhost\Cara.xml] has been ignored
17-Oct-2024 07:57:53.528 INFO [http-nio-8080-exec-156] org.apache.jasper.servlet.TldScanner.scanJars At least one JAR was scanned for TLDs yet contained no TLDs. Enable debug logging for this logger for a complete list of JARs that were scanned but no TLDs were found in them. Skipping unneeded JARs during scanning can improve startup time and JSP compilation time.
17-Oct-2024 07:57:53.541 INFO [http-nio-8080-exec-156] org.apache.catalina.startup.HostConfig.deployDescriptor Deployment of deployment descriptor [D:\webnetbeansbinh\apache-tomcat-10.1.28\conf\Catalina\localhost\Cara.xml] has finished in [651] ms
17-Oct-2024 07:57:53.547 INFO [http-nio-8080-exec-151] org.apache.catalina.util.LifecycleBase.start The start() method was called on component [StandardEngine[Catalina].StandardHost[localhost].StandardContext[/Cara]] after start() had already been called. The second call will be ignored.
17-Oct-2024 08:00:22.895 INFO [http-nio-8080-exec-165] org.apache.catalina.core.StandardContext.reload Reloading Context with name [/Cara] has started
17-Oct-2024 08:00:23.440 INFO [http-nio-8080-exec-165] org.apache.jasper.servlet.TldScanner.scanJars At least one JAR was scanned for TLDs yet contained no TLDs. Enable debug logging for this logger for a complete list of JARs that were scanned but no TLDs were found in them. Skipping unneeded JARs during scanning can improve startup time and JSP compilation time.
17-Oct-2024 08:00:23.447 INFO [http-nio-8080-exec-165] org.apache.catalina.core.StandardContext.reload Reloading Context with name [/Cara] is completed
17-Oct-2024 08:00:25.709 INFO [http-nio-8080-exec-159] org.apache.catalina.startup.HostConfig.undeploy Undeploying context [/Cara]
17-Oct-2024 08:00:25.733 INFO [http-nio-8080-exec-166] org.apache.catalina.startup.HostConfig.deployDescriptor Deploying deployment descriptor [D:\webnetbeansbinh\apache-tomcat-10.1.28\conf\Catalina\localhost\Cara.xml]
17-Oct-2024 08:00:25.734 WARNING [http-nio-8080-exec-166] org.apache.catalina.startup.HostConfig.deployDescriptor The path attribute with value [/Cara] in deployment descriptor [D:\webnetbeansbinh\apache-tomcat-10.1.28\conf\Catalina\localhost\Cara.xml] has been ignored
17-Oct-2024 08:00:25.811 INFO [http-nio-8080-exec-166] org.apache.jasper.servlet.TldScanner.scanJars At least one JAR was scanned for TLDs yet contained no TLDs. Enable debug logging for this logger for a complete list of JARs that were scanned but no TLDs were found in them. Skipping unneeded JARs during scanning can improve startup time and JSP compilation time.
17-Oct-2024 08:00:25.813 INFO [http-nio-8080-exec-166] org.apache.catalina.startup.HostConfig.deployDescriptor Deployment of deployment descriptor [D:\webnetbeansbinh\apache-tomcat-10.1.28\conf\Catalina\localhost\Cara.xml] has finished in [82] ms
17-Oct-2024 08:00:25.816 INFO [http-nio-8080-exec-168] org.apache.catalina.util.LifecycleBase.start The start() method was called on component [StandardEngine[Catalina].StandardHost[localhost].StandardContext[/Cara]] after start() had already been called. The second call will be ignored.
17-Oct-2024 08:00:42.080 INFO [http-nio-8080-exec-165] org.apache.catalina.startup.HostConfig.undeploy Undeploying context [/Cara]
17-Oct-2024 08:00:42.100 INFO [http-nio-8080-exec-162] org.apache.catalina.startup.HostConfig.deployDescriptor Deploying deployment descriptor [D:\webnetbeansbinh\apache-tomcat-10.1.28\conf\Catalina\localhost\Cara.xml]
17-Oct-2024 08:00:42.101 WARNING [http-nio-8080-exec-162] org.apache.catalina.startup.HostConfig.deployDescriptor The path attribute with value [/Cara] in deployment descriptor [D:\webnetbeansbinh\apache-tomcat-10.1.28\conf\Catalina\localhost\Cara.xml] has been ignored
17-Oct-2024 08:00:42.193 INFO [http-nio-8080-exec-162] org.apache.jasper.servlet.TldScanner.scanJars At least one JAR was scanned for TLDs yet contained no TLDs. Enable debug logging for this logger for a complete list of JARs that were scanned but no TLDs were found in them. Skipping unneeded JARs during scanning can improve startup time and JSP compilation time.
17-Oct-2024 08:00:42.196 INFO [http-nio-8080-exec-162] org.apache.catalina.startup.HostConfig.deployDescriptor Deployment of deployment descriptor [D:\webnetbeansbinh\apache-tomcat-10.1.28\conf\Catalina\localhost\Cara.xml] has finished in [95] ms
17-Oct-2024 08:00:42.199 INFO [http-nio-8080-exec-159] org.apache.catalina.util.LifecycleBase.start The start() method was called on component [StandardEngine[Catalina].StandardHost[localhost].StandardContext[/Cara]] after start() had already been called. The second call will be ignored.
17-Oct-2024 08:00:49.119 INFO [http-nio-8080-exec-163] org.apache.catalina.startup.HostConfig.undeploy Undeploying context [/Cara]
17-Oct-2024 08:00:49.137 INFO [http-nio-8080-exec-173] org.apache.catalina.startup.HostConfig.deployDescriptor Deploying deployment descriptor [D:\webnetbeansbinh\apache-tomcat-10.1.28\conf\Catalina\localhost\Cara.xml]
17-Oct-2024 08:00:49.138 WARNING [http-nio-8080-exec-173] org.apache.catalina.startup.HostConfig.deployDescriptor The path attribute with value [/Cara] in deployment descriptor [D:\webnetbeansbinh\apache-tomcat-10.1.28\conf\Catalina\localhost\Cara.xml] has been ignored
17-Oct-2024 08:00:49.244 INFO [http-nio-8080-exec-173] org.apache.jasper.servlet.TldScanner.scanJars At least one JAR was scanned for TLDs yet contained no TLDs. Enable debug logging for this logger for a complete list of JARs that were scanned but no TLDs were found in them. Skipping unneeded JARs during scanning can improve startup time and JSP compilation time.
17-Oct-2024 08:00:49.247 INFO [http-nio-8080-exec-173] org.apache.catalina.startup.HostConfig.deployDescriptor Deployment of deployment descriptor [D:\webnetbeansbinh\apache-tomcat-10.1.28\conf\Catalina\localhost\Cara.xml] has finished in [109] ms
17-Oct-2024 08:00:49.251 INFO [http-nio-8080-exec-166] org.apache.catalina.util.LifecycleBase.start The start() method was called on component [StandardEngine[Catalina].StandardHost[localhost].StandardContext[/Cara]] after start() had already been called. The second call will be ignored.
17-Oct-2024 08:01:19.116 INFO [http-nio-8080-exec-163] org.apache.catalina.core.StandardContext.reload Reloading Context with name [/Cara] has started
17-Oct-2024 08:01:19.200 INFO [http-nio-8080-exec-163] org.apache.jasper.servlet.TldScanner.scanJars At least one JAR was scanned for TLDs yet contained no TLDs. Enable debug logging for this logger for a complete list of JARs that were scanned but no TLDs were found in them. Skipping unneeded JARs during scanning can improve startup time and JSP compilation time.
17-Oct-2024 08:01:19.201 INFO [http-nio-8080-exec-163] org.apache.catalina.core.StandardContext.reload Reloading Context with name [/Cara] is completed
17-Oct-2024 08:02:14.839 INFO [http-nio-8080-exec-175] org.apache.catalina.startup.HostConfig.undeploy Undeploying context [/Cara]
17-Oct-2024 08:02:14.849 INFO [http-nio-8080-exec-168] org.apache.catalina.startup.HostConfig.deployDescriptor Deploying deployment descriptor [D:\webnetbeansbinh\apache-tomcat-10.1.28\conf\Catalina\localhost\Cara.xml]
17-Oct-2024 08:02:14.851 WARNING [http-nio-8080-exec-168] org.apache.catalina.startup.HostConfig.deployDescriptor The path attribute with value [/Cara] in deployment descriptor [D:\webnetbeansbinh\apache-tomcat-10.1.28\conf\Catalina\localhost\Cara.xml] has been ignored
17-Oct-2024 08:02:15.376 INFO [http-nio-8080-exec-168] org.apache.jasper.servlet.TldScanner.scanJars At least one JAR was scanned for TLDs yet contained no TLDs. Enable debug logging for this logger for a complete list of JARs that were scanned but no TLDs were found in them. Skipping unneeded JARs during scanning can improve startup time and JSP compilation time.
17-Oct-2024 08:02:15.384 INFO [http-nio-8080-exec-168] org.apache.catalina.startup.HostConfig.deployDescriptor Deployment of deployment descriptor [D:\webnetbeansbinh\apache-tomcat-10.1.28\conf\Catalina\localhost\Cara.xml] has finished in [535] ms
17-Oct-2024 08:02:15.389 INFO [http-nio-8080-exec-166] org.apache.catalina.util.LifecycleBase.start The start() method was called on component [StandardEngine[Catalina].StandardHost[localhost].StandardContext[/Cara]] after start() had already been called. The second call will be ignored.
17-Oct-2024 08:04:09.791 INFO [http-nio-8080-exec-162] org.apache.catalina.startup.HostConfig.undeploy Undeploying context [/Cara]
17-Oct-2024 08:04:09.814 INFO [http-nio-8080-exec-175] org.apache.catalina.startup.HostConfig.deployDescriptor Deploying deployment descriptor [D:\webnetbeansbinh\apache-tomcat-10.1.28\conf\Catalina\localhost\Cara.xml]
17-Oct-2024 08:04:09.816 WARNING [http-nio-8080-exec-175] org.apache.catalina.startup.HostConfig.deployDescriptor The path attribute with value [/Cara] in deployment descriptor [D:\webnetbeansbinh\apache-tomcat-10.1.28\conf\Catalina\localhost\Cara.xml] has been ignored
17-Oct-2024 08:04:10.358 INFO [http-nio-8080-exec-175] org.apache.jasper.servlet.TldScanner.scanJars At least one JAR was scanned for TLDs yet contained no TLDs. Enable debug logging for this logger for a complete list of JARs that were scanned but no TLDs were found in them. Skipping unneeded JARs during scanning can improve startup time and JSP compilation time.
17-Oct-2024 08:04:10.366 INFO [http-nio-8080-exec-175] org.apache.catalina.startup.HostConfig.deployDescriptor Deployment of deployment descriptor [D:\webnetbeansbinh\apache-tomcat-10.1.28\conf\Catalina\localhost\Cara.xml] has finished in [552] ms
17-Oct-2024 08:04:10.369 INFO [http-nio-8080-exec-178] org.apache.catalina.util.LifecycleBase.start The start() method was called on component [StandardEngine[Catalina].StandardHost[localhost].StandardContext[/Cara]] after start() had already been called. The second call will be ignored.
17-Oct-2024 08:15:54.780 INFO [http-nio-8080-exec-190] org.apache.catalina.startup.HostConfig.undeploy Undeploying context [/Cara]
17-Oct-2024 08:15:54.801 INFO [http-nio-8080-exec-187] org.apache.catalina.startup.HostConfig.deployDescriptor Deploying deployment descriptor [D:\webnetbeansbinh\apache-tomcat-10.1.28\conf\Catalina\localhost\Cara.xml]
17-Oct-2024 08:15:54.802 WARNING [http-nio-8080-exec-187] org.apache.catalina.startup.HostConfig.deployDescriptor The path attribute with value [/Cara] in deployment descriptor [D:\webnetbeansbinh\apache-tomcat-10.1.28\conf\Catalina\localhost\Cara.xml] has been ignored
17-Oct-2024 08:15:56.250 INFO [http-nio-8080-exec-187] org.apache.jasper.servlet.TldScanner.scanJars At least one JAR was scanned for TLDs yet contained no TLDs. Enable debug logging for this logger for a complete list of JARs that were scanned but no TLDs were found in them. Skipping unneeded JARs during scanning can improve startup time and JSP compilation time.
17-Oct-2024 08:15:56.274 INFO [http-nio-8080-exec-187] org.apache.catalina.startup.HostConfig.deployDescriptor Deployment of deployment descriptor [D:\webnetbeansbinh\apache-tomcat-10.1.28\conf\Catalina\localhost\Cara.xml] has finished in [1,473] ms
17-Oct-2024 08:15:56.280 INFO [http-nio-8080-exec-185] org.apache.catalina.util.LifecycleBase.start The start() method was called on component [StandardEngine[Catalina].StandardHost[localhost].StandardContext[/Cara]] after start() had already been called. The second call will be ignored.
17-Oct-2024 08:16:26.280 INFO [main] org.apache.catalina.core.StandardServer.await A valid shutdown command was received via the shutdown port. Stopping the Server instance.
17-Oct-2024 08:16:26.283 INFO [main] org.apache.coyote.AbstractProtocol.pause Pausing ProtocolHandler ["http-nio-8080"]
17-Oct-2024 08:16:27.216 INFO [main] org.apache.catalina.core.StandardService.stopInternal Stopping service [Catalina]
17-Oct-2024 08:16:27.237 INFO [main] org.apache.coyote.AbstractProtocol.stop Stopping ProtocolHandler ["http-nio-8080"]
17-Oct-2024 08:16:27.267 INFO [main] org.apache.coyote.AbstractProtocol.destroy Destroying ProtocolHandler ["http-nio-8080"]
17-Oct-2024 08:17:46.436 INFO [main] org.apache.catalina.startup.VersionLoggerListener.log Server version name:   Apache Tomcat/10.1.28
17-Oct-2024 08:17:46.443 INFO [main] org.apache.catalina.startup.VersionLoggerListener.log Server built:          Aug 2 2024 15:14:43 UTC
17-Oct-2024 08:17:46.443 INFO [main] org.apache.catalina.startup.VersionLoggerListener.log Server version number: 10.1.28.0
17-Oct-2024 08:17:46.444 INFO [main] org.apache.catalina.startup.VersionLoggerListener.log OS Name:               Windows 11
17-Oct-2024 08:17:46.444 INFO [main] org.apache.catalina.startup.VersionLoggerListener.log OS Version:            10.0
17-Oct-2024 08:17:46.444 INFO [main] org.apache.catalina.startup.VersionLoggerListener.log Architecture:          amd64
17-Oct-2024 08:17:46.444 INFO [main] org.apache.catalina.startup.VersionLoggerListener.log Java Home:             C:\Program Files\Java\jdk-17
17-Oct-2024 08:17:46.444 INFO [main] org.apache.catalina.startup.VersionLoggerListener.log JVM Version:           17.0.7+8-LTS-224
17-Oct-2024 08:17:46.444 INFO [main] org.apache.catalina.startup.VersionLoggerListener.log JVM Vendor:            Oracle Corporation
17-Oct-2024 08:17:46.445 INFO [main] org.apache.catalina.startup.VersionLoggerListener.log CATALINA_BASE:         D:\webnetbeansbinh\apache-tomcat-10.1.28
17-Oct-2024 08:17:46.445 INFO [main] org.apache.catalina.startup.VersionLoggerListener.log CATALINA_HOME:         D:\webnetbeansbinh\apache-tomcat-10.1.28
17-Oct-2024 08:17:46.461 INFO [main] org.apache.catalina.startup.VersionLoggerListener.log Command line argument: -Djava.util.logging.config.file=D:\webnetbeansbinh\apache-tomcat-10.1.28\conf\logging.properties
17-Oct-2024 08:17:46.461 INFO [main] org.apache.catalina.startup.VersionLoggerListener.log Command line argument: -Djava.util.logging.manager=org.apache.juli.ClassLoaderLogManager
17-Oct-2024 08:17:46.461 INFO [main] org.apache.catalina.startup.VersionLoggerListener.log Command line argument: -Dhttp.nonProxyHosts=localhost|127.0.0.1|LAPTOP-TF242TDG
17-Oct-2024 08:17:46.461 INFO [main] org.apache.catalina.startup.VersionLoggerListener.log Command line argument: -Djdk.tls.ephemeralDHKeySize=2048
17-Oct-2024 08:17:46.461 INFO [main] org.apache.catalina.startup.VersionLoggerListener.log Command line argument: -Djava.protocol.handler.pkgs=org.apache.catalina.webresources
17-Oct-2024 08:17:46.461 INFO [main] org.apache.catalina.startup.VersionLoggerListener.log Command line argument: --add-opens=java.base/java.lang=ALL-UNNAMED
17-Oct-2024 08:17:46.461 INFO [main] org.apache.catalina.startup.VersionLoggerListener.log Command line argument: --add-opens=java.base/java.io=ALL-UNNAMED
17-Oct-2024 08:17:46.462 INFO [main] org.apache.catalina.startup.VersionLoggerListener.log Command line argument: --add-opens=java.base/java.util=ALL-UNNAMED
17-Oct-2024 08:17:46.462 INFO [main] org.apache.catalina.startup.VersionLoggerListener.log Command line argument: --add-opens=java.base/java.util.concurrent=ALL-UNNAMED
17-Oct-2024 08:17:46.462 INFO [main] org.apache.catalina.startup.VersionLoggerListener.log Command line argument: --add-opens=java.rmi/sun.rmi.transport=ALL-UNNAMED
17-Oct-2024 08:17:46.462 INFO [main] org.apache.catalina.startup.VersionLoggerListener.log Command line argument: -Dcatalina.base=D:\webnetbeansbinh\apache-tomcat-10.1.28
17-Oct-2024 08:17:46.463 INFO [main] org.apache.catalina.startup.VersionLoggerListener.log Command line argument: -Dcatalina.home=D:\webnetbeansbinh\apache-tomcat-10.1.28
17-Oct-2024 08:17:46.463 INFO [main] org.apache.catalina.startup.VersionLoggerListener.log Command line argument: -Djava.io.tmpdir=D:\webnetbeansbinh\apache-tomcat-10.1.28\temp
17-Oct-2024 08:17:46.466 INFO [main] org.apache.catalina.core.AprLifecycleListener.lifecycleEvent Loaded Apache Tomcat Native library [2.0.8] using APR version [1.7.4].
17-Oct-2024 08:17:46.482 INFO [main] org.apache.catalina.core.AprLifecycleListener.initializeSSL OpenSSL successfully initialized [OpenSSL 3.0.14 4 Jun 2024]
17-Oct-2024 08:17:46.755 INFO [main] org.apache.coyote.AbstractProtocol.init Initializing ProtocolHandler ["http-nio-8080"]
17-Oct-2024 08:17:46.780 INFO [main] org.apache.catalina.startup.Catalina.load Server initialization in [634] milliseconds
17-Oct-2024 08:17:46.850 INFO [main] org.apache.catalina.core.StandardService.startInternal Starting service [Catalina]
17-Oct-2024 08:17:46.850 INFO [main] org.apache.catalina.core.StandardEngine.startInternal Starting Servlet engine: [Apache Tomcat/10.1.28]
17-Oct-2024 08:17:46.859 INFO [main] org.apache.catalina.startup.HostConfig.deployDescriptor Deploying deployment descriptor [D:\webnetbeansbinh\apache-tomcat-10.1.28\conf\Catalina\localhost\Cara.xml]
17-Oct-2024 08:17:46.872 WARNING [main] org.apache.catalina.startup.HostConfig.deployDescriptor The path attribute with value [/Cara] in deployment descriptor [D:\webnetbeansbinh\apache-tomcat-10.1.28\conf\Catalina\localhost\Cara.xml] has been ignored
17-Oct-2024 08:17:47.887 INFO [main] org.apache.jasper.servlet.TldScanner.scanJars At least one JAR was scanned for TLDs yet contained no TLDs. Enable debug logging for this logger for a complete list of JARs that were scanned but no TLDs were found in them. Skipping unneeded JARs during scanning can improve startup time and JSP compilation time.
17-Oct-2024 08:17:48.043 INFO [main] org.apache.catalina.startup.HostConfig.deployDescriptor Deployment of deployment descriptor [D:\webnetbeansbinh\apache-tomcat-10.1.28\conf\Catalina\localhost\Cara.xml] has finished in [1,183] ms
17-Oct-2024 08:17:48.044 INFO [main] org.apache.catalina.startup.HostConfig.deployDirectory Deploying web application directory [D:\webnetbeansbinh\apache-tomcat-10.1.28\webapps\docs]
17-Oct-2024 08:17:48.093 INFO [main] org.apache.jasper.servlet.TldScanner.scanJars At least one JAR was scanned for TLDs yet contained no TLDs. Enable debug logging for this logger for a complete list of JARs that were scanned but no TLDs were found in them. Skipping unneeded JARs during scanning can improve startup time and JSP compilation time.
17-Oct-2024 08:17:48.096 INFO [main] org.apache.catalina.startup.HostConfig.deployDirectory Deployment of web application directory [D:\webnetbeansbinh\apache-tomcat-10.1.28\webapps\docs] has finished in [52] ms
17-Oct-2024 08:17:48.097 INFO [main] org.apache.catalina.startup.HostConfig.deployDirectory Deploying web application directory [D:\webnetbeansbinh\apache-tomcat-10.1.28\webapps\examples]
17-Oct-2024 08:17:48.382 INFO [main] org.apache.jasper.servlet.TldScanner.scanJars At least one JAR was scanned for TLDs yet contained no TLDs. Enable debug logging for this logger for a complete list of JARs that were scanned but no TLDs were found in them. Skipping unneeded JARs during scanning can improve startup time and JSP compilation time.
17-Oct-2024 08:17:48.457 INFO [main] org.apache.catalina.startup.HostConfig.deployDirectory Deployment of web application directory [D:\webnetbeansbinh\apache-tomcat-10.1.28\webapps\examples] has finished in [360] ms
17-Oct-2024 08:17:48.458 INFO [main] org.apache.catalina.startup.HostConfig.deployDirectory Deploying web application directory [D:\webnetbeansbinh\apache-tomcat-10.1.28\webapps\host-manager]
17-Oct-2024 08:17:48.510 INFO [main] org.apache.jasper.servlet.TldScanner.scanJars At least one JAR was scanned for TLDs yet contained no TLDs. Enable debug logging for this logger for a complete list of JARs that were scanned but no TLDs were found in them. Skipping unneeded JARs during scanning can improve startup time and JSP compilation time.
17-Oct-2024 08:17:48.522 INFO [main] org.apache.catalina.startup.HostConfig.deployDirectory Deployment of web application directory [D:\webnetbeansbinh\apache-tomcat-10.1.28\webapps\host-manager] has finished in [65] ms
17-Oct-2024 08:17:48.523 INFO [main] org.apache.catalina.startup.HostConfig.deployDirectory Deploying web application directory [D:\webnetbeansbinh\apache-tomcat-10.1.28\webapps\manager]
17-Oct-2024 08:17:48.598 INFO [main] org.apache.jasper.servlet.TldScanner.scanJars At least one JAR was scanned for TLDs yet contained no TLDs. Enable debug logging for this logger for a complete list of JARs that were scanned but no TLDs were found in them. Skipping unneeded JARs during scanning can improve startup time and JSP compilation time.
17-Oct-2024 08:17:48.606 INFO [main] org.apache.catalina.startup.HostConfig.deployDirectory Deployment of web application directory [D:\webnetbeansbinh\apache-tomcat-10.1.28\webapps\manager] has finished in [82] ms
17-Oct-2024 08:17:48.606 INFO [main] org.apache.catalina.startup.HostConfig.deployDirectory Deploying web application directory [D:\webnetbeansbinh\apache-tomcat-10.1.28\webapps\ROOT]
17-Oct-2024 08:17:48.673 INFO [main] org.apache.jasper.servlet.TldScanner.scanJars At least one JAR was scanned for TLDs yet contained no TLDs. Enable debug logging for this logger for a complete list of JARs that were scanned but no TLDs were found in them. Skipping unneeded JARs during scanning can improve startup time and JSP compilation time.
17-Oct-2024 08:17:48.678 INFO [main] org.apache.catalina.startup.HostConfig.deployDirectory Deployment of web application directory [D:\webnetbeansbinh\apache-tomcat-10.1.28\webapps\ROOT] has finished in [71] ms
17-Oct-2024 08:17:48.684 INFO [main] org.apache.coyote.AbstractProtocol.start Starting ProtocolHandler ["http-nio-8080"]
17-Oct-2024 08:17:48.800 INFO [main] org.apache.catalina.startup.Catalina.start Server startup in [2020] milliseconds
17-Oct-2024 08:17:53.936 INFO [http-nio-8080-exec-10] org.apache.catalina.startup.HostConfig.undeploy Undeploying context [/Cara]
17-Oct-2024 08:17:53.976 INFO [http-nio-8080-exec-2] org.apache.catalina.startup.HostConfig.deployDescriptor Deploying deployment descriptor [D:\webnetbeansbinh\apache-tomcat-10.1.28\conf\Catalina\localhost\Cara.xml]
17-Oct-2024 08:17:53.978 WARNING [http-nio-8080-exec-2] org.apache.catalina.startup.HostConfig.deployDescriptor The path attribute with value [/Cara] in deployment descriptor [D:\webnetbeansbinh\apache-tomcat-10.1.28\conf\Catalina\localhost\Cara.xml] has been ignored
17-Oct-2024 08:17:54.059 INFO [http-nio-8080-exec-2] org.apache.jasper.servlet.TldScanner.scanJars At least one JAR was scanned for TLDs yet contained no TLDs. Enable debug logging for this logger for a complete list of JARs that were scanned but no TLDs were found in them. Skipping unneeded JARs during scanning can improve startup time and JSP compilation time.
17-Oct-2024 08:17:54.062 INFO [http-nio-8080-exec-2] org.apache.catalina.startup.HostConfig.deployDescriptor Deployment of deployment descriptor [D:\webnetbeansbinh\apache-tomcat-10.1.28\conf\Catalina\localhost\Cara.xml] has finished in [86] ms
17-Oct-2024 08:17:54.067 INFO [http-nio-8080-exec-8] org.apache.catalina.util.LifecycleBase.start The start() method was called on component [StandardEngine[Catalina].StandardHost[localhost].StandardContext[/Cara]] after start() had already been called. The second call will be ignored.
17-Oct-2024 08:18:03.446 INFO [http-nio-8080-exec-12] org.apache.catalina.startup.HostConfig.undeploy Undeploying context [/Cara]
17-Oct-2024 08:18:03.458 INFO [http-nio-8080-exec-14] org.apache.catalina.startup.HostConfig.deployDescriptor Deploying deployment descriptor [D:\webnetbeansbinh\apache-tomcat-10.1.28\conf\Catalina\localhost\Cara.xml]
17-Oct-2024 08:18:03.460 WARNING [http-nio-8080-exec-14] org.apache.catalina.startup.HostConfig.deployDescriptor The path attribute with value [/Cara] in deployment descriptor [D:\webnetbeansbinh\apache-tomcat-10.1.28\conf\Catalina\localhost\Cara.xml] has been ignored
17-Oct-2024 08:18:03.541 INFO [http-nio-8080-exec-14] org.apache.jasper.servlet.TldScanner.scanJars At least one JAR was scanned for TLDs yet contained no TLDs. Enable debug logging for this logger for a complete list of JARs that were scanned but no TLDs were found in them. Skipping unneeded JARs during scanning can improve startup time and JSP compilation time.
17-Oct-2024 08:18:03.546 INFO [http-nio-8080-exec-14] org.apache.catalina.startup.HostConfig.deployDescriptor Deployment of deployment descriptor [D:\webnetbeansbinh\apache-tomcat-10.1.28\conf\Catalina\localhost\Cara.xml] has finished in [86] ms
17-Oct-2024 08:18:03.552 INFO [http-nio-8080-exec-8] org.apache.catalina.util.LifecycleBase.start The start() method was called on component [StandardEngine[Catalina].StandardHost[localhost].StandardContext[/Cara]] after start() had already been called. The second call will be ignored.
17-Oct-2024 08:18:38.557 INFO [http-nio-8080-exec-11] org.apache.catalina.core.StandardContext.reload Reloading Context with name [/Cara] has started
17-Oct-2024 08:18:38.628 INFO [http-nio-8080-exec-11] org.apache.jasper.servlet.TldScanner.scanJars At least one JAR was scanned for TLDs yet contained no TLDs. Enable debug logging for this logger for a complete list of JARs that were scanned but no TLDs were found in them. Skipping unneeded JARs during scanning can improve startup time and JSP compilation time.
17-Oct-2024 08:18:38.631 INFO [http-nio-8080-exec-11] org.apache.catalina.core.StandardContext.reload Reloading Context with name [/Cara] is completed
17-Oct-2024 08:18:38.840 INFO [http-nio-8080-exec-4] org.apache.catalina.core.StandardContext.reload Reloading Context with name [/Cara] has started
17-Oct-2024 08:18:38.910 INFO [http-nio-8080-exec-4] org.apache.jasper.servlet.TldScanner.scanJars At least one JAR was scanned for TLDs yet contained no TLDs. Enable debug logging for this logger for a complete list of JARs that were scanned but no TLDs were found in them. Skipping unneeded JARs during scanning can improve startup time and JSP compilation time.
17-Oct-2024 08:18:38.911 INFO [http-nio-8080-exec-4] org.apache.catalina.core.StandardContext.reload Reloading Context with name [/Cara] is completed
17-Oct-2024 08:18:51.201 INFO [http-nio-8080-exec-11] org.apache.catalina.startup.HostConfig.undeploy Undeploying context [/Cara]
17-Oct-2024 08:18:51.222 INFO [http-nio-8080-exec-18] org.apache.catalina.startup.HostConfig.deployDescriptor Deploying deployment descriptor [D:\webnetbeansbinh\apache-tomcat-10.1.28\conf\Catalina\localhost\Cara.xml]
17-Oct-2024 08:18:51.223 WARNING [http-nio-8080-exec-18] org.apache.catalina.startup.HostConfig.deployDescriptor The path attribute with value [/Cara] in deployment descriptor [D:\webnetbeansbinh\apache-tomcat-10.1.28\conf\Catalina\localhost\Cara.xml] has been ignored
17-Oct-2024 08:18:51.798 INFO [http-nio-8080-exec-18] org.apache.jasper.servlet.TldScanner.scanJars At least one JAR was scanned for TLDs yet contained no TLDs. Enable debug logging for this logger for a complete list of JARs that were scanned but no TLDs were found in them. Skipping unneeded JARs during scanning can improve startup time and JSP compilation time.
17-Oct-2024 08:18:51.807 INFO [http-nio-8080-exec-18] org.apache.catalina.startup.HostConfig.deployDescriptor Deployment of deployment descriptor [D:\webnetbeansbinh\apache-tomcat-10.1.28\conf\Catalina\localhost\Cara.xml] has finished in [585] ms
17-Oct-2024 08:18:51.812 INFO [http-nio-8080-exec-19] org.apache.catalina.util.LifecycleBase.start The start() method was called on component [StandardEngine[Catalina].StandardHost[localhost].StandardContext[/Cara]] after start() had already been called. The second call will be ignored.
17-Oct-2024 08:18:58.654 INFO [main] org.apache.catalina.core.StandardServer.await A valid shutdown command was received via the shutdown port. Stopping the Server instance.
17-Oct-2024 08:18:58.655 INFO [main] org.apache.coyote.AbstractProtocol.pause Pausing ProtocolHandler ["http-nio-8080"]
17-Oct-2024 08:18:59.498 INFO [main] org.apache.catalina.core.StandardService.stopInternal Stopping service [Catalina]
17-Oct-2024 08:18:59.515 INFO [main] org.apache.coyote.AbstractProtocol.stop Stopping ProtocolHandler ["http-nio-8080"]
17-Oct-2024 08:18:59.533 INFO [main] org.apache.coyote.AbstractProtocol.destroy Destroying ProtocolHandler ["http-nio-8080"]
