01-Oct-2024 07:52:09.513 INFO [http-nio-8080-exec-22] org.apache.catalina.core.StandardContext.reload Reloading Context with name [/Cara] has started
01-Oct-2024 07:52:09.701 INFO [http-nio-8080-exec-22] org.apache.jasper.servlet.TldScanner.scanJars At least one JAR was scanned for TLDs yet contained no TLDs. Enable debug logging for this logger for a complete list of JARs that were scanned but no TLDs were found in them. Skipping unneeded JARs during scanning can improve startup time and JSP compilation time.
01-Oct-2024 07:52:09.710 INFO [http-nio-8080-exec-22] org.apache.catalina.core.StandardContext.reload Reloading Context with name [/Cara] is completed
01-Oct-2024 07:55:32.286 INFO [http-nio-8080-exec-28] org.apache.catalina.core.StandardContext.reload Reloading Context with name [/Cara] has started
01-Oct-2024 07:55:32.380 INFO [http-nio-8080-exec-28] org.apache.jasper.servlet.TldScanner.scanJars At least one JAR was scanned for TLDs yet contained no TLDs. Enable debug logging for this logger for a complete list of JARs that were scanned but no TLDs were found in them. Skipping unneeded JARs during scanning can improve startup time and JSP compilation time.
01-Oct-2024 07:55:32.382 INFO [http-nio-8080-exec-28] org.apache.catalina.core.StandardContext.reload Reloading Context with name [/Cara] is completed
01-Oct-2024 07:55:39.589 INFO [http-nio-8080-exec-34] org.apache.catalina.core.StandardContext.reload Reloading Context with name [/Cara] has started
01-Oct-2024 07:55:39.659 INFO [http-nio-8080-exec-34] org.apache.jasper.servlet.TldScanner.scanJars At least one JAR was scanned for TLDs yet contained no TLDs. Enable debug logging for this logger for a complete list of JARs that were scanned but no TLDs were found in them. Skipping unneeded JARs during scanning can improve startup time and JSP compilation time.
01-Oct-2024 07:55:39.662 INFO [http-nio-8080-exec-34] org.apache.catalina.core.StandardContext.reload Reloading Context with name [/Cara] is completed
01-Oct-2024 07:56:47.672 INFO [http-nio-8080-exec-29] org.apache.catalina.core.StandardContext.reload Reloading Context with name [/Cara] has started
01-Oct-2024 07:56:47.793 INFO [http-nio-8080-exec-29] org.apache.jasper.servlet.TldScanner.scanJars At least one JAR was scanned for TLDs yet contained no TLDs. Enable debug logging for this logger for a complete list of JARs that were scanned but no TLDs were found in them. Skipping unneeded JARs during scanning can improve startup time and JSP compilation time.
01-Oct-2024 07:56:47.796 INFO [http-nio-8080-exec-29] org.apache.catalina.core.StandardContext.reload Reloading Context with name [/Cara] is completed
01-Oct-2024 07:56:47.913 INFO [http-nio-8080-exec-37] org.apache.catalina.core.StandardContext.reload Reloading Context with name [/Cara] has started
01-Oct-2024 07:56:47.984 INFO [http-nio-8080-exec-37] org.apache.jasper.servlet.TldScanner.scanJars At least one JAR was scanned for TLDs yet contained no TLDs. Enable debug logging for this logger for a complete list of JARs that were scanned but no TLDs were found in them. Skipping unneeded JARs during scanning can improve startup time and JSP compilation time.
01-Oct-2024 07:56:47.985 INFO [http-nio-8080-exec-37] org.apache.catalina.core.StandardContext.reload Reloading Context with name [/Cara] is completed
01-Oct-2024 13:13:20.595 INFO [main] org.apache.catalina.core.StandardServer.await A valid shutdown command was received via the shutdown port. Stopping the Server instance.
01-Oct-2024 13:13:20.600 INFO [main] org.apache.coyote.AbstractProtocol.pause Pausing ProtocolHandler ["http-nio-8080"]
01-Oct-2024 13:13:20.986 INFO [main] org.apache.catalina.core.StandardService.stopInternal Stopping service [Catalina]
01-Oct-2024 13:13:21.012 INFO [main] org.apache.coyote.AbstractProtocol.stop Stopping ProtocolHandler ["http-nio-8080"]
01-Oct-2024 13:13:21.033 INFO [main] org.apache.coyote.AbstractProtocol.destroy Destroying ProtocolHandler ["http-nio-8080"]
