22-Aug-2024 07:52:49.964 INFO [main] org.apache.catalina.startup.VersionLoggerListener.log Server version name:   Apache Tomcat/10.1.28
22-Aug-2024 07:52:49.972 INFO [main] org.apache.catalina.startup.VersionLoggerListener.log Server built:          Aug 2 2024 15:14:43 UTC
22-Aug-2024 07:52:49.973 INFO [main] org.apache.catalina.startup.VersionLoggerListener.log Server version number: 10.1.28.0
22-Aug-2024 07:52:49.973 INFO [main] org.apache.catalina.startup.VersionLoggerListener.log OS Name:               Windows 11
22-Aug-2024 07:52:49.973 INFO [main] org.apache.catalina.startup.VersionLoggerListener.log OS Version:            10.0
22-Aug-2024 07:52:49.973 INFO [main] org.apache.catalina.startup.VersionLoggerListener.log Architecture:          amd64
22-Aug-2024 07:52:49.973 INFO [main] org.apache.catalina.startup.VersionLoggerListener.log Java Home:             C:\Program Files\Java\jdk-17
22-Aug-2024 07:52:49.973 INFO [main] org.apache.catalina.startup.VersionLoggerListener.log JVM Version:           17.0.7+8-LTS-224
22-Aug-2024 07:52:49.973 INFO [main] org.apache.catalina.startup.VersionLoggerListener.log JVM Vendor:            Oracle Corporation
22-Aug-2024 07:52:49.974 INFO [main] org.apache.catalina.startup.VersionLoggerListener.log CATALINA_BASE:         D:\webnetbeansbinh\apache-tomcat-10.1.28
22-Aug-2024 07:52:49.974 INFO [main] org.apache.catalina.startup.VersionLoggerListener.log CATALINA_HOME:         D:\webnetbeansbinh\apache-tomcat-10.1.28
22-Aug-2024 07:52:50.001 INFO [main] org.apache.catalina.startup.VersionLoggerListener.log Command line argument: -Djava.util.logging.config.file=D:\webnetbeansbinh\apache-tomcat-10.1.28\conf\logging.properties
22-Aug-2024 07:52:50.001 INFO [main] org.apache.catalina.startup.VersionLoggerListener.log Command line argument: -Djava.util.logging.manager=org.apache.juli.ClassLoaderLogManager
22-Aug-2024 07:52:50.001 INFO [main] org.apache.catalina.startup.VersionLoggerListener.log Command line argument: -Dhttp.nonProxyHosts=localhost|127.0.0.1|LAPTOP-TF242TDG
22-Aug-2024 07:52:50.002 INFO [main] org.apache.catalina.startup.VersionLoggerListener.log Command line argument: -Djdk.tls.ephemeralDHKeySize=2048
22-Aug-2024 07:52:50.002 INFO [main] org.apache.catalina.startup.VersionLoggerListener.log Command line argument: -Djava.protocol.handler.pkgs=org.apache.catalina.webresources
22-Aug-2024 07:52:50.002 INFO [main] org.apache.catalina.startup.VersionLoggerListener.log Command line argument: --add-opens=java.base/java.lang=ALL-UNNAMED
22-Aug-2024 07:52:50.002 INFO [main] org.apache.catalina.startup.VersionLoggerListener.log Command line argument: --add-opens=java.base/java.io=ALL-UNNAMED
22-Aug-2024 07:52:50.002 INFO [main] org.apache.catalina.startup.VersionLoggerListener.log Command line argument: --add-opens=java.base/java.util=ALL-UNNAMED
22-Aug-2024 07:52:50.002 INFO [main] org.apache.catalina.startup.VersionLoggerListener.log Command line argument: --add-opens=java.base/java.util.concurrent=ALL-UNNAMED
22-Aug-2024 07:52:50.002 INFO [main] org.apache.catalina.startup.VersionLoggerListener.log Command line argument: --add-opens=java.rmi/sun.rmi.transport=ALL-UNNAMED
22-Aug-2024 07:52:50.002 INFO [main] org.apache.catalina.startup.VersionLoggerListener.log Command line argument: -Dcatalina.base=D:\webnetbeansbinh\apache-tomcat-10.1.28
22-Aug-2024 07:52:50.003 INFO [main] org.apache.catalina.startup.VersionLoggerListener.log Command line argument: -Dcatalina.home=D:\webnetbeansbinh\apache-tomcat-10.1.28
22-Aug-2024 07:52:50.003 INFO [main] org.apache.catalina.startup.VersionLoggerListener.log Command line argument: -Djava.io.tmpdir=D:\webnetbeansbinh\apache-tomcat-10.1.28\temp
22-Aug-2024 07:52:51.355 INFO [main] org.apache.catalina.core.AprLifecycleListener.lifecycleEvent Loaded Apache Tomcat Native library [2.0.8] using APR version [1.7.4].
22-Aug-2024 07:52:51.361 INFO [main] org.apache.catalina.core.AprLifecycleListener.initializeSSL OpenSSL successfully initialized [OpenSSL 3.0.14 4 Jun 2024]
22-Aug-2024 07:52:51.675 INFO [main] org.apache.coyote.AbstractProtocol.init Initializing ProtocolHandler ["http-nio-8080"]
22-Aug-2024 07:52:51.715 INFO [main] org.apache.catalina.startup.Catalina.load Server initialization in [2026] milliseconds
22-Aug-2024 07:52:51.793 INFO [main] org.apache.catalina.core.StandardService.startInternal Starting service [Catalina]
22-Aug-2024 07:52:51.793 INFO [main] org.apache.catalina.core.StandardEngine.startInternal Starting Servlet engine: [Apache Tomcat/10.1.28]
22-Aug-2024 07:52:51.810 INFO [main] org.apache.catalina.startup.HostConfig.deployDirectory Deploying web application directory [D:\webnetbeansbinh\apache-tomcat-10.1.28\webapps\docs]
22-Aug-2024 07:52:52.208 INFO [main] org.apache.jasper.servlet.TldScanner.scanJars At least one JAR was scanned for TLDs yet contained no TLDs. Enable debug logging for this logger for a complete list of JARs that were scanned but no TLDs were found in them. Skipping unneeded JARs during scanning can improve startup time and JSP compilation time.
22-Aug-2024 07:52:52.384 WARNING [main] org.apache.catalina.util.SessionIdGeneratorBase.createSecureRandom Creation of SecureRandom instance for session ID generation using [SHA1PRNG] took [141] milliseconds.
22-Aug-2024 07:52:52.435 INFO [main] org.apache.catalina.startup.HostConfig.deployDirectory Deployment of web application directory [D:\webnetbeansbinh\apache-tomcat-10.1.28\webapps\docs] has finished in [625] ms
22-Aug-2024 07:52:52.436 INFO [main] org.apache.catalina.startup.HostConfig.deployDirectory Deploying web application directory [D:\webnetbeansbinh\apache-tomcat-10.1.28\webapps\examples]
22-Aug-2024 07:52:52.842 INFO [main] org.apache.jasper.servlet.TldScanner.scanJars At least one JAR was scanned for TLDs yet contained no TLDs. Enable debug logging for this logger for a complete list of JARs that were scanned but no TLDs were found in them. Skipping unneeded JARs during scanning can improve startup time and JSP compilation time.
22-Aug-2024 07:52:52.919 INFO [main] org.apache.catalina.startup.HostConfig.deployDirectory Deployment of web application directory [D:\webnetbeansbinh\apache-tomcat-10.1.28\webapps\examples] has finished in [483] ms
22-Aug-2024 07:52:52.920 INFO [main] org.apache.catalina.startup.HostConfig.deployDirectory Deploying web application directory [D:\webnetbeansbinh\apache-tomcat-10.1.28\webapps\host-manager]
22-Aug-2024 07:52:52.980 INFO [main] org.apache.jasper.servlet.TldScanner.scanJars At least one JAR was scanned for TLDs yet contained no TLDs. Enable debug logging for this logger for a complete list of JARs that were scanned but no TLDs were found in them. Skipping unneeded JARs during scanning can improve startup time and JSP compilation time.
22-Aug-2024 07:52:52.995 INFO [main] org.apache.catalina.startup.HostConfig.deployDirectory Deployment of web application directory [D:\webnetbeansbinh\apache-tomcat-10.1.28\webapps\host-manager] has finished in [74] ms
22-Aug-2024 07:52:52.995 INFO [main] org.apache.catalina.startup.HostConfig.deployDirectory Deploying web application directory [D:\webnetbeansbinh\apache-tomcat-10.1.28\webapps\manager]
22-Aug-2024 07:52:53.065 INFO [main] org.apache.jasper.servlet.TldScanner.scanJars At least one JAR was scanned for TLDs yet contained no TLDs. Enable debug logging for this logger for a complete list of JARs that were scanned but no TLDs were found in them. Skipping unneeded JARs during scanning can improve startup time and JSP compilation time.
22-Aug-2024 07:52:53.070 INFO [main] org.apache.catalina.startup.HostConfig.deployDirectory Deployment of web application directory [D:\webnetbeansbinh\apache-tomcat-10.1.28\webapps\manager] has finished in [75] ms
22-Aug-2024 07:52:53.070 INFO [main] org.apache.catalina.startup.HostConfig.deployDirectory Deploying web application directory [D:\webnetbeansbinh\apache-tomcat-10.1.28\webapps\ROOT]
22-Aug-2024 07:52:53.120 INFO [main] org.apache.jasper.servlet.TldScanner.scanJars At least one JAR was scanned for TLDs yet contained no TLDs. Enable debug logging for this logger for a complete list of JARs that were scanned but no TLDs were found in them. Skipping unneeded JARs during scanning can improve startup time and JSP compilation time.
22-Aug-2024 07:52:53.126 INFO [main] org.apache.catalina.startup.HostConfig.deployDirectory Deployment of web application directory [D:\webnetbeansbinh\apache-tomcat-10.1.28\webapps\ROOT] has finished in [55] ms
22-Aug-2024 07:52:53.134 INFO [main] org.apache.coyote.AbstractProtocol.start Starting ProtocolHandler ["http-nio-8080"]
22-Aug-2024 07:52:53.290 INFO [main] org.apache.catalina.startup.Catalina.start Server startup in [1573] milliseconds
22-Aug-2024 07:53:02.751 INFO [http-nio-8080-exec-8] org.apache.catalina.startup.HostConfig.deployDescriptor Deploying deployment descriptor [D:\webnetbeansbinh\apache-tomcat-10.1.28\conf\Catalina\localhost\WebApp.xml]
22-Aug-2024 07:53:02.753 WARNING [http-nio-8080-exec-8] org.apache.catalina.startup.HostConfig.deployDescriptor The path attribute with value [/WebApp] in deployment descriptor [D:\webnetbeansbinh\apache-tomcat-10.1.28\conf\Catalina\localhost\WebApp.xml] has been ignored
22-Aug-2024 07:53:02.809 INFO [http-nio-8080-exec-8] org.apache.jasper.servlet.TldScanner.scanJars At least one JAR was scanned for TLDs yet contained no TLDs. Enable debug logging for this logger for a complete list of JARs that were scanned but no TLDs were found in them. Skipping unneeded JARs during scanning can improve startup time and JSP compilation time.
22-Aug-2024 07:53:02.815 INFO [http-nio-8080-exec-8] org.apache.catalina.startup.HostConfig.deployDescriptor Deployment of deployment descriptor [D:\webnetbeansbinh\apache-tomcat-10.1.28\conf\Catalina\localhost\WebApp.xml] has finished in [65] ms
22-Aug-2024 07:53:02.820 INFO [http-nio-8080-exec-10] org.apache.catalina.util.LifecycleBase.start The start() method was called on component [StandardEngine[Catalina].StandardHost[localhost].StandardContext[/WebApp]] after start() had already been called. The second call will be ignored.
22-Aug-2024 07:54:36.081 INFO [http-nio-8080-exec-1] org.apache.jasper.servlet.TldScanner.scanJars At least one JAR was scanned for TLDs yet contained no TLDs. Enable debug logging for this logger for a complete list of JARs that were scanned but no TLDs were found in them. Skipping unneeded JARs during scanning can improve startup time and JSP compilation time.
22-Aug-2024 07:54:36.482 INFO [http-nio-8080-exec-4] org.apache.jasper.servlet.TldScanner.scanJars At least one JAR was scanned for TLDs yet contained no TLDs. Enable debug logging for this logger for a complete list of JARs that were scanned but no TLDs were found in them. Skipping unneeded JARs during scanning can improve startup time and JSP compilation time.
22-Aug-2024 07:54:36.817 INFO [http-nio-8080-exec-1] org.apache.catalina.core.StandardContext.reload Reloading Context with name [/WebApp] has started
22-Aug-2024 07:54:36.857 INFO [http-nio-8080-exec-1] org.apache.jasper.servlet.TldScanner.scanJars At least one JAR was scanned for TLDs yet contained no TLDs. Enable debug logging for this logger for a complete list of JARs that were scanned but no TLDs were found in them. Skipping unneeded JARs during scanning can improve startup time and JSP compilation time.
22-Aug-2024 07:54:36.859 INFO [http-nio-8080-exec-1] org.apache.catalina.core.StandardContext.reload Reloading Context with name [/WebApp] is completed
22-Aug-2024 07:54:37.697 INFO [http-nio-8080-exec-8] org.apache.jasper.servlet.TldScanner.scanJars At least one JAR was scanned for TLDs yet contained no TLDs. Enable debug logging for this logger for a complete list of JARs that were scanned but no TLDs were found in them. Skipping unneeded JARs during scanning can improve startup time and JSP compilation time.
22-Aug-2024 07:54:43.339 INFO [Catalina-utility-1] org.apache.catalina.startup.HostConfig.reload Reloading context [/WebApp]
22-Aug-2024 07:54:43.339 INFO [Catalina-utility-1] org.apache.catalina.core.StandardContext.reload Reloading Context with name [/WebApp] has started
22-Aug-2024 07:54:43.401 INFO [Catalina-utility-1] org.apache.jasper.servlet.TldScanner.scanJars At least one JAR was scanned for TLDs yet contained no TLDs. Enable debug logging for this logger for a complete list of JARs that were scanned but no TLDs were found in them. Skipping unneeded JARs during scanning can improve startup time and JSP compilation time.
22-Aug-2024 07:54:43.403 INFO [Catalina-utility-1] org.apache.catalina.core.StandardContext.reload Reloading Context with name [/WebApp] is completed
22-Aug-2024 08:01:08.898 INFO [http-nio-8080-exec-15] org.apache.catalina.core.StandardContext.reload Reloading Context with name [/WebApp] has started
22-Aug-2024 08:01:08.942 INFO [http-nio-8080-exec-15] org.apache.jasper.servlet.TldScanner.scanJars At least one JAR was scanned for TLDs yet contained no TLDs. Enable debug logging for this logger for a complete list of JARs that were scanned but no TLDs were found in them. Skipping unneeded JARs during scanning can improve startup time and JSP compilation time.
22-Aug-2024 08:01:08.943 INFO [http-nio-8080-exec-15] org.apache.catalina.core.StandardContext.reload Reloading Context with name [/WebApp] is completed
22-Aug-2024 08:01:09.114 INFO [http-nio-8080-exec-12] org.apache.jasper.servlet.TldScanner.scanJars At least one JAR was scanned for TLDs yet contained no TLDs. Enable debug logging for this logger for a complete list of JARs that were scanned but no TLDs were found in them. Skipping unneeded JARs during scanning can improve startup time and JSP compilation time.
22-Aug-2024 08:06:13.897 INFO [http-nio-8080-exec-20] org.apache.catalina.core.StandardContext.reload Reloading Context with name [/WebApp] has started
22-Aug-2024 08:06:13.940 INFO [http-nio-8080-exec-20] org.apache.jasper.servlet.TldScanner.scanJars At least one JAR was scanned for TLDs yet contained no TLDs. Enable debug logging for this logger for a complete list of JARs that were scanned but no TLDs were found in them. Skipping unneeded JARs during scanning can improve startup time and JSP compilation time.
22-Aug-2024 08:06:13.941 INFO [http-nio-8080-exec-20] org.apache.catalina.core.StandardContext.reload Reloading Context with name [/WebApp] is completed
22-Aug-2024 08:06:14.221 INFO [http-nio-8080-exec-27] org.apache.catalina.core.StandardContext.reload Reloading Context with name [/WebApp] has started
22-Aug-2024 08:06:14.264 INFO [http-nio-8080-exec-27] org.apache.jasper.servlet.TldScanner.scanJars At least one JAR was scanned for TLDs yet contained no TLDs. Enable debug logging for this logger for a complete list of JARs that were scanned but no TLDs were found in them. Skipping unneeded JARs during scanning can improve startup time and JSP compilation time.
22-Aug-2024 08:06:14.266 INFO [http-nio-8080-exec-27] org.apache.catalina.core.StandardContext.reload Reloading Context with name [/WebApp] is completed
22-Aug-2024 08:06:35.138 INFO [http-nio-8080-exec-23] org.apache.catalina.core.StandardContext.reload Reloading Context with name [/WebApp] has started
22-Aug-2024 08:06:35.183 INFO [http-nio-8080-exec-23] org.apache.jasper.servlet.TldScanner.scanJars At least one JAR was scanned for TLDs yet contained no TLDs. Enable debug logging for this logger for a complete list of JARs that were scanned but no TLDs were found in them. Skipping unneeded JARs during scanning can improve startup time and JSP compilation time.
22-Aug-2024 08:06:35.186 INFO [http-nio-8080-exec-23] org.apache.catalina.core.StandardContext.reload Reloading Context with name [/WebApp] is completed
22-Aug-2024 08:06:35.616 INFO [http-nio-8080-exec-26] org.apache.catalina.core.StandardContext.reload Reloading Context with name [/WebApp] has started
22-Aug-2024 08:06:35.650 INFO [http-nio-8080-exec-26] org.apache.jasper.servlet.TldScanner.scanJars At least one JAR was scanned for TLDs yet contained no TLDs. Enable debug logging for this logger for a complete list of JARs that were scanned but no TLDs were found in them. Skipping unneeded JARs during scanning can improve startup time and JSP compilation time.
22-Aug-2024 08:06:35.651 INFO [http-nio-8080-exec-26] org.apache.catalina.core.StandardContext.reload Reloading Context with name [/WebApp] is completed
22-Aug-2024 08:47:30.536 INFO [http-nio-8080-exec-31] org.apache.jasper.servlet.TldScanner.scanJars At least one JAR was scanned for TLDs yet contained no TLDs. Enable debug logging for this logger for a complete list of JARs that were scanned but no TLDs were found in them. Skipping unneeded JARs during scanning can improve startup time and JSP compilation time.
22-Aug-2024 08:47:33.553 INFO [http-nio-8080-exec-31] org.apache.catalina.core.StandardContext.reload Reloading Context with name [/WebApp] has started
22-Aug-2024 08:47:33.615 INFO [http-nio-8080-exec-31] org.apache.jasper.servlet.TldScanner.scanJars At least one JAR was scanned for TLDs yet contained no TLDs. Enable debug logging for this logger for a complete list of JARs that were scanned but no TLDs were found in them. Skipping unneeded JARs during scanning can improve startup time and JSP compilation time.
22-Aug-2024 08:47:33.617 INFO [http-nio-8080-exec-31] org.apache.catalina.core.StandardContext.reload Reloading Context with name [/WebApp] is completed
22-Aug-2024 08:47:35.790 INFO [Catalina-utility-2] org.apache.catalina.startup.HostConfig.reload Reloading context [/WebApp]
22-Aug-2024 08:47:35.791 INFO [Catalina-utility-2] org.apache.catalina.core.StandardContext.reload Reloading Context with name [/WebApp] has started
22-Aug-2024 08:47:35.845 INFO [Catalina-utility-2] org.apache.jasper.servlet.TldScanner.scanJars At least one JAR was scanned for TLDs yet contained no TLDs. Enable debug logging for this logger for a complete list of JARs that were scanned but no TLDs were found in them. Skipping unneeded JARs during scanning can improve startup time and JSP compilation time.
22-Aug-2024 08:47:35.847 INFO [Catalina-utility-2] org.apache.catalina.core.StandardContext.reload Reloading Context with name [/WebApp] is completed
22-Aug-2024 08:47:56.880 INFO [http-nio-8080-exec-31] org.apache.jasper.servlet.TldScanner.scanJars At least one JAR was scanned for TLDs yet contained no TLDs. Enable debug logging for this logger for a complete list of JARs that were scanned but no TLDs were found in them. Skipping unneeded JARs during scanning can improve startup time and JSP compilation time.
22-Aug-2024 08:47:59.783 INFO [http-nio-8080-exec-31] org.apache.catalina.core.StandardContext.reload Reloading Context with name [/WebApp] has started
22-Aug-2024 08:47:59.838 INFO [http-nio-8080-exec-31] org.apache.jasper.servlet.TldScanner.scanJars At least one JAR was scanned for TLDs yet contained no TLDs. Enable debug logging for this logger for a complete list of JARs that were scanned but no TLDs were found in them. Skipping unneeded JARs during scanning can improve startup time and JSP compilation time.
22-Aug-2024 08:47:59.839 INFO [http-nio-8080-exec-31] org.apache.catalina.core.StandardContext.reload Reloading Context with name [/WebApp] is completed
22-Aug-2024 08:48:05.894 INFO [Catalina-utility-1] org.apache.catalina.startup.HostConfig.reload Reloading context [/WebApp]
22-Aug-2024 08:48:05.894 INFO [Catalina-utility-1] org.apache.catalina.core.StandardContext.reload Reloading Context with name [/WebApp] has started
22-Aug-2024 08:48:05.971 INFO [Catalina-utility-1] org.apache.jasper.servlet.TldScanner.scanJars At least one JAR was scanned for TLDs yet contained no TLDs. Enable debug logging for this logger for a complete list of JARs that were scanned but no TLDs were found in them. Skipping unneeded JARs during scanning can improve startup time and JSP compilation time.
22-Aug-2024 08:48:05.972 INFO [Catalina-utility-1] org.apache.catalina.core.StandardContext.reload Reloading Context with name [/WebApp] is completed
22-Aug-2024 08:49:41.517 INFO [http-nio-8080-exec-45] org.apache.jasper.servlet.TldScanner.scanJars At least one JAR was scanned for TLDs yet contained no TLDs. Enable debug logging for this logger for a complete list of JARs that were scanned but no TLDs were found in them. Skipping unneeded JARs during scanning can improve startup time and JSP compilation time.
22-Aug-2024 08:51:01.174 INFO [http-nio-8080-exec-39] org.apache.catalina.core.StandardContext.reload Reloading Context with name [/WebApp] has started
22-Aug-2024 08:51:01.216 INFO [http-nio-8080-exec-39] org.apache.jasper.servlet.TldScanner.scanJars At least one JAR was scanned for TLDs yet contained no TLDs. Enable debug logging for this logger for a complete list of JARs that were scanned but no TLDs were found in them. Skipping unneeded JARs during scanning can improve startup time and JSP compilation time.
22-Aug-2024 08:51:01.218 INFO [http-nio-8080-exec-39] org.apache.catalina.core.StandardContext.reload Reloading Context with name [/WebApp] is completed
22-Aug-2024 08:51:01.418 INFO [http-nio-8080-exec-40] org.apache.catalina.core.StandardContext.reload Reloading Context with name [/WebApp] has started
22-Aug-2024 08:51:01.448 INFO [http-nio-8080-exec-40] org.apache.jasper.servlet.TldScanner.scanJars At least one JAR was scanned for TLDs yet contained no TLDs. Enable debug logging for this logger for a complete list of JARs that were scanned but no TLDs were found in them. Skipping unneeded JARs during scanning can improve startup time and JSP compilation time.
22-Aug-2024 08:51:01.449 INFO [http-nio-8080-exec-40] org.apache.catalina.core.StandardContext.reload Reloading Context with name [/WebApp] is completed
22-Aug-2024 08:58:23.678 INFO [http-nio-8080-exec-55] org.apache.jasper.servlet.TldScanner.scanJars At least one JAR was scanned for TLDs yet contained no TLDs. Enable debug logging for this logger for a complete list of JARs that were scanned but no TLDs were found in them. Skipping unneeded JARs during scanning can improve startup time and JSP compilation time.
22-Aug-2024 08:58:23.835 INFO [http-nio-8080-exec-59] org.apache.jasper.servlet.TldScanner.scanJars At least one JAR was scanned for TLDs yet contained no TLDs. Enable debug logging for this logger for a complete list of JARs that were scanned but no TLDs were found in them. Skipping unneeded JARs during scanning can improve startup time and JSP compilation time.
22-Aug-2024 08:58:26.716 INFO [Catalina-utility-1] org.apache.catalina.startup.HostConfig.reload Reloading context [/WebApp]
22-Aug-2024 08:58:26.716 INFO [Catalina-utility-1] org.apache.catalina.core.StandardContext.reload Reloading Context with name [/WebApp] has started
22-Aug-2024 08:58:26.761 INFO [Catalina-utility-1] org.apache.jasper.servlet.TldScanner.scanJars At least one JAR was scanned for TLDs yet contained no TLDs. Enable debug logging for this logger for a complete list of JARs that were scanned but no TLDs were found in them. Skipping unneeded JARs during scanning can improve startup time and JSP compilation time.
22-Aug-2024 08:58:26.762 INFO [Catalina-utility-1] org.apache.catalina.core.StandardContext.reload Reloading Context with name [/WebApp] is completed
22-Aug-2024 09:03:52.597 INFO [http-nio-8080-exec-61] org.apache.catalina.core.StandardContext.reload Reloading Context with name [/WebApp] has started
22-Aug-2024 09:03:52.639 INFO [http-nio-8080-exec-61] org.apache.jasper.servlet.TldScanner.scanJars At least one JAR was scanned for TLDs yet contained no TLDs. Enable debug logging for this logger for a complete list of JARs that were scanned but no TLDs were found in them. Skipping unneeded JARs during scanning can improve startup time and JSP compilation time.
22-Aug-2024 09:03:52.641 INFO [http-nio-8080-exec-61] org.apache.catalina.core.StandardContext.reload Reloading Context with name [/WebApp] is completed
22-Aug-2024 09:04:16.382 INFO [http-nio-8080-exec-62] org.apache.catalina.core.StandardContext.reload Reloading Context with name [/WebApp] has started
22-Aug-2024 09:04:16.422 INFO [http-nio-8080-exec-62] org.apache.jasper.servlet.TldScanner.scanJars At least one JAR was scanned for TLDs yet contained no TLDs. Enable debug logging for this logger for a complete list of JARs that were scanned but no TLDs were found in them. Skipping unneeded JARs during scanning can improve startup time and JSP compilation time.
22-Aug-2024 09:04:16.423 INFO [http-nio-8080-exec-62] org.apache.catalina.core.StandardContext.reload Reloading Context with name [/WebApp] is completed
22-Aug-2024 09:04:23.267 INFO [http-nio-8080-exec-64] org.apache.catalina.core.StandardContext.reload Reloading Context with name [/WebApp] has started
22-Aug-2024 09:04:23.316 INFO [http-nio-8080-exec-64] org.apache.jasper.servlet.TldScanner.scanJars At least one JAR was scanned for TLDs yet contained no TLDs. Enable debug logging for this logger for a complete list of JARs that were scanned but no TLDs were found in them. Skipping unneeded JARs during scanning can improve startup time and JSP compilation time.
22-Aug-2024 09:04:23.318 INFO [http-nio-8080-exec-64] org.apache.catalina.core.StandardContext.reload Reloading Context with name [/WebApp] is completed
22-Aug-2024 09:06:18.177 INFO [http-nio-8080-exec-75] org.apache.catalina.core.StandardContext.reload Reloading Context with name [/WebApp] has started
22-Aug-2024 09:06:18.228 INFO [http-nio-8080-exec-75] org.apache.jasper.servlet.TldScanner.scanJars At least one JAR was scanned for TLDs yet contained no TLDs. Enable debug logging for this logger for a complete list of JARs that were scanned but no TLDs were found in them. Skipping unneeded JARs during scanning can improve startup time and JSP compilation time.
22-Aug-2024 09:06:18.230 INFO [http-nio-8080-exec-75] org.apache.catalina.core.StandardContext.reload Reloading Context with name [/WebApp] is completed
22-Aug-2024 09:06:20.458 INFO [http-nio-8080-exec-74] org.apache.catalina.core.StandardContext.reload Reloading Context with name [/WebApp] has started
22-Aug-2024 09:06:20.499 INFO [http-nio-8080-exec-74] org.apache.jasper.servlet.TldScanner.scanJars At least one JAR was scanned for TLDs yet contained no TLDs. Enable debug logging for this logger for a complete list of JARs that were scanned but no TLDs were found in them. Skipping unneeded JARs during scanning can improve startup time and JSP compilation time.
22-Aug-2024 09:06:20.502 INFO [http-nio-8080-exec-74] org.apache.catalina.core.StandardContext.reload Reloading Context with name [/WebApp] is completed
22-Aug-2024 09:17:43.785 INFO [http-nio-8080-exec-89] org.apache.catalina.core.StandardContext.reload Reloading Context with name [/WebApp] has started
22-Aug-2024 09:17:43.880 INFO [http-nio-8080-exec-89] org.apache.jasper.servlet.TldScanner.scanJars At least one JAR was scanned for TLDs yet contained no TLDs. Enable debug logging for this logger for a complete list of JARs that were scanned but no TLDs were found in them. Skipping unneeded JARs during scanning can improve startup time and JSP compilation time.
22-Aug-2024 09:17:43.884 INFO [http-nio-8080-exec-89] org.apache.catalina.core.StandardContext.reload Reloading Context with name [/WebApp] is completed
22-Aug-2024 09:17:44.061 INFO [http-nio-8080-exec-90] org.apache.catalina.core.StandardContext.reload Reloading Context with name [/WebApp] has started
22-Aug-2024 09:17:44.104 INFO [http-nio-8080-exec-90] org.apache.jasper.servlet.TldScanner.scanJars At least one JAR was scanned for TLDs yet contained no TLDs. Enable debug logging for this logger for a complete list of JARs that were scanned but no TLDs were found in them. Skipping unneeded JARs during scanning can improve startup time and JSP compilation time.
22-Aug-2024 09:17:44.105 INFO [http-nio-8080-exec-90] org.apache.catalina.core.StandardContext.reload Reloading Context with name [/WebApp] is completed
22-Aug-2024 09:23:42.066 INFO [http-nio-8080-exec-99] org.apache.catalina.core.StandardContext.reload Reloading Context with name [/WebApp] has started
22-Aug-2024 09:23:42.126 INFO [http-nio-8080-exec-99] org.apache.jasper.servlet.TldScanner.scanJars At least one JAR was scanned for TLDs yet contained no TLDs. Enable debug logging for this logger for a complete list of JARs that were scanned but no TLDs were found in them. Skipping unneeded JARs during scanning can improve startup time and JSP compilation time.
22-Aug-2024 09:23:42.129 INFO [http-nio-8080-exec-99] org.apache.catalina.core.StandardContext.reload Reloading Context with name [/WebApp] is completed
22-Aug-2024 09:23:42.299 INFO [http-nio-8080-exec-93] org.apache.catalina.core.StandardContext.reload Reloading Context with name [/WebApp] has started
22-Aug-2024 09:23:42.349 INFO [http-nio-8080-exec-93] org.apache.jasper.servlet.TldScanner.scanJars At least one JAR was scanned for TLDs yet contained no TLDs. Enable debug logging for this logger for a complete list of JARs that were scanned but no TLDs were found in them. Skipping unneeded JARs during scanning can improve startup time and JSP compilation time.
22-Aug-2024 09:23:42.350 INFO [http-nio-8080-exec-93] org.apache.catalina.core.StandardContext.reload Reloading Context with name [/WebApp] is completed
22-Aug-2024 09:23:42.683 INFO [http-nio-8080-exec-98] org.apache.catalina.core.StandardContext.reload Reloading Context with name [/WebApp] has started
22-Aug-2024 09:23:42.729 INFO [http-nio-8080-exec-98] org.apache.jasper.servlet.TldScanner.scanJars At least one JAR was scanned for TLDs yet contained no TLDs. Enable debug logging for this logger for a complete list of JARs that were scanned but no TLDs were found in them. Skipping unneeded JARs during scanning can improve startup time and JSP compilation time.
22-Aug-2024 09:23:42.730 INFO [http-nio-8080-exec-98] org.apache.catalina.core.StandardContext.reload Reloading Context with name [/WebApp] is completed
22-Aug-2024 09:23:51.289 INFO [http-nio-8080-exec-100] org.apache.catalina.core.StandardContext.reload Reloading Context with name [/WebApp] has started
22-Aug-2024 09:23:51.346 INFO [http-nio-8080-exec-100] org.apache.jasper.servlet.TldScanner.scanJars At least one JAR was scanned for TLDs yet contained no TLDs. Enable debug logging for this logger for a complete list of JARs that were scanned but no TLDs were found in them. Skipping unneeded JARs during scanning can improve startup time and JSP compilation time.
22-Aug-2024 09:23:51.347 INFO [http-nio-8080-exec-100] org.apache.catalina.core.StandardContext.reload Reloading Context with name [/WebApp] is completed
22-Aug-2024 09:24:00.644 INFO [http-nio-8080-exec-102] org.apache.catalina.core.StandardContext.reload Reloading Context with name [/WebApp] has started
22-Aug-2024 09:24:00.677 INFO [http-nio-8080-exec-102] org.apache.jasper.servlet.TldScanner.scanJars At least one JAR was scanned for TLDs yet contained no TLDs. Enable debug logging for this logger for a complete list of JARs that were scanned but no TLDs were found in them. Skipping unneeded JARs during scanning can improve startup time and JSP compilation time.
22-Aug-2024 09:24:00.678 INFO [http-nio-8080-exec-102] org.apache.catalina.core.StandardContext.reload Reloading Context with name [/WebApp] is completed
22-Aug-2024 09:25:06.033 INFO [http-nio-8080-exec-101] org.apache.catalina.core.StandardContext.reload Reloading Context with name [/WebApp] has started
22-Aug-2024 09:25:06.082 INFO [http-nio-8080-exec-101] org.apache.jasper.servlet.TldScanner.scanJars At least one JAR was scanned for TLDs yet contained no TLDs. Enable debug logging for this logger for a complete list of JARs that were scanned but no TLDs were found in them. Skipping unneeded JARs during scanning can improve startup time and JSP compilation time.
22-Aug-2024 09:25:06.083 INFO [http-nio-8080-exec-101] org.apache.catalina.core.StandardContext.reload Reloading Context with name [/WebApp] is completed
22-Aug-2024 09:25:07.881 INFO [http-nio-8080-exec-93] org.apache.catalina.core.StandardContext.reload Reloading Context with name [/WebApp] has started
22-Aug-2024 09:25:07.921 INFO [http-nio-8080-exec-93] org.apache.jasper.servlet.TldScanner.scanJars At least one JAR was scanned for TLDs yet contained no TLDs. Enable debug logging for this logger for a complete list of JARs that were scanned but no TLDs were found in them. Skipping unneeded JARs during scanning can improve startup time and JSP compilation time.
22-Aug-2024 09:25:07.929 INFO [http-nio-8080-exec-93] org.apache.catalina.core.StandardContext.reload Reloading Context with name [/WebApp] is completed
22-Aug-2024 09:26:49.155 INFO [http-nio-8080-exec-93] org.apache.catalina.core.StandardContext.reload Reloading Context with name [/WebApp] has started
22-Aug-2024 09:26:49.198 INFO [http-nio-8080-exec-93] org.apache.jasper.servlet.TldScanner.scanJars At least one JAR was scanned for TLDs yet contained no TLDs. Enable debug logging for this logger for a complete list of JARs that were scanned but no TLDs were found in them. Skipping unneeded JARs during scanning can improve startup time and JSP compilation time.
22-Aug-2024 09:26:49.199 INFO [http-nio-8080-exec-93] org.apache.catalina.core.StandardContext.reload Reloading Context with name [/WebApp] is completed
22-Aug-2024 09:26:51.166 INFO [http-nio-8080-exec-92] org.apache.catalina.core.StandardContext.reload Reloading Context with name [/WebApp] has started
22-Aug-2024 09:26:51.203 INFO [http-nio-8080-exec-92] org.apache.jasper.servlet.TldScanner.scanJars At least one JAR was scanned for TLDs yet contained no TLDs. Enable debug logging for this logger for a complete list of JARs that were scanned but no TLDs were found in them. Skipping unneeded JARs during scanning can improve startup time and JSP compilation time.
22-Aug-2024 09:26:51.205 INFO [http-nio-8080-exec-92] org.apache.catalina.core.StandardContext.reload Reloading Context with name [/WebApp] is completed
22-Aug-2024 09:34:58.650 INFO [http-nio-8080-exec-120] org.apache.catalina.core.StandardContext.reload Reloading Context with name [/WebApp] has started
22-Aug-2024 09:34:58.686 INFO [http-nio-8080-exec-120] org.apache.jasper.servlet.TldScanner.scanJars At least one JAR was scanned for TLDs yet contained no TLDs. Enable debug logging for this logger for a complete list of JARs that were scanned but no TLDs were found in them. Skipping unneeded JARs during scanning can improve startup time and JSP compilation time.
22-Aug-2024 09:34:58.687 INFO [http-nio-8080-exec-120] org.apache.catalina.core.StandardContext.reload Reloading Context with name [/WebApp] is completed
22-Aug-2024 09:35:21.001 INFO [http-nio-8080-exec-119] org.apache.catalina.core.StandardContext.reload Reloading Context with name [/WebApp] has started
22-Aug-2024 09:35:21.043 INFO [http-nio-8080-exec-119] org.apache.jasper.servlet.TldScanner.scanJars At least one JAR was scanned for TLDs yet contained no TLDs. Enable debug logging for this logger for a complete list of JARs that were scanned but no TLDs were found in them. Skipping unneeded JARs during scanning can improve startup time and JSP compilation time.
22-Aug-2024 09:35:21.046 INFO [http-nio-8080-exec-119] org.apache.catalina.core.StandardContext.reload Reloading Context with name [/WebApp] is completed
